[debug] [2018-11-17T23:07:18.628Z] ----------------------------------------------------------------------
[debug] [2018-11-17T23:07:18.630Z] Command:       C:\Software\nodejs\node.exe C:\Users\regul\AppData\Roaming\npm\node_modules\firebase-tools\lib\bin\firebase.js deploy
[debug] [2018-11-17T23:07:18.630Z] CLI Version:   6.1.0
[debug] [2018-11-17T23:07:18.630Z] Platform:      win32
[debug] [2018-11-17T23:07:18.630Z] Node Version:  v10.13.0
[debug] [2018-11-17T23:07:18.631Z] Time:          Sat Nov 17 2018 17:07:18 GMT-0600 (GMT-06:00)
[debug] [2018-11-17T23:07:18.631Z] ----------------------------------------------------------------------
[debug] 
[debug] [2018-11-17T23:07:18.639Z] > command requires scopes: ["email","openid","https://www.googleapis.com/auth/cloudplatformprojects.readonly","https://www.googleapis.com/auth/firebase","https://www.googleapis.com/auth/cloud-platform"]
[debug] [2018-11-17T23:07:18.640Z] > authorizing via signed-in user
[debug] [2018-11-17T23:07:18.640Z] [iam] checking project catalogo-digital-d4887 for permissions ["firebase.projects.get","firebasehosting.sites.update"]
[debug] [2018-11-17T23:07:18.641Z] >>> HTTP REQUEST POST https://cloudresourcemanager.googleapis.com/v1/projects/catalogo-digital-d4887:testIamPermissions  

[debug] [2018-11-17T23:07:19.125Z] <<< HTTP RESPONSE 200
[debug] [2018-11-17T23:07:19.126Z] >>> HTTP REQUEST GET https://firebase.googleapis.com/v1beta1/projects/catalogo-digital-d4887  
 
[debug] [2018-11-17T23:07:19.418Z] <<< HTTP RESPONSE 200
[info] 
[info] === Deploying to 'catalogo-digital-d4887'...
[info] 
[info] i  deploying hosting
[debug] [2018-11-17T23:07:19.425Z] >>> HTTP REQUEST POST https://firebasehosting.googleapis.com/v1beta1/sites/catalogo-digital-d4887/versions  

[debug] [2018-11-17T23:07:20.375Z] <<< HTTP RESPONSE 200
[info] i  hosting[catalogo-digital-d4887]: beginning deploy...
[info] i  hosting[catalogo-digital-d4887]: found 412 files in dist/catalogo-digital
[debug] [2018-11-17T23:07:20.508Z] [hosting] hash cache [ZGlzdFxjYXRhbG9nby1kaWdpdGFs] load error: lines is not defined
[debug] [2018-11-17T23:07:23.491Z] [hosting] hash cache [ZGlzdFxjYXRhbG9nby1kaWdpdGFs] stored for 412 files
[debug] [2018-11-17T23:07:23.491Z] [hosting][hash queue][FINAL]
[debug] [2018-11-17T23:07:23.491Z] >>> HTTP REQUEST POST https://firebasehosting.googleapis.com/v1beta1/sites/catalogo-digital-d4887/versions/a1d14c4053790217:populateFiles  
 <request body omitted>
[debug] [2018-11-17T23:07:25.718Z] <<< HTTP RESPONSE 200
[debug] [2018-11-17T23:07:25.760Z] [hosting][populate queue][FINAL]
[debug] [2018-11-17T23:07:25.760Z] [hosting] uploads queued: undefined
[debug] [2018-11-17T23:07:36.039Z] [hosting][upload]
[debug] [2018-11-17T23:07:36.043Z] [hosting][upload]
[debug] [2018-11-17T23:07:36.078Z] [hosting][upload]
[debug] [2018-11-17T23:07:36.081Z] [hosting][upload]
[debug] [2018-11-17T23:07:36.090Z] [hosting][upload]
[debug] [2018-11-17T23:07:36.093Z] [hosting][upload]
[debug] [2018-11-17T23:07:36.277Z] [hosting][upload]
[debug] [2018-11-17T23:07:36.277Z] [hosting][upload]
[debug] [2018-11-17T23:07:36.439Z] [uploadQueue] Retrying task 1eb8ff7d7fb7941877303168200db108ff0208779022b804032ac3d938cdec1b
[debug] [2018-11-17T23:07:36.443Z] [uploadQueue] Retrying task 674cbb9270c34cc3fbe81f84b56f199020ce758f2b0db3798ff663a5db9a3855
[debug] [2018-11-17T23:07:36.478Z] [uploadQueue] Retrying task e7aec1585d777d3ae3d61512e9e6dee052965a351f4147274024a2ea06d9a814
[debug] [2018-11-17T23:07:36.481Z] [uploadQueue] Retrying task 219f4c778f581bc1584acdecd8e3c647ca1fa951fcfcebf15aa6614f4c056689
[debug] [2018-11-17T23:07:36.490Z] [uploadQueue] Retrying task 27f26c0f62b9a7a4c82c860885e5bb6356466e16fec9e78814aafab8bdf4de8a
[debug] [2018-11-17T23:07:36.494Z] [uploadQueue] Retrying task 06f49ed3cc131666fc2534cf2f3c8bf18d8a918c1390885b2a0f02a6f0589034
[debug] [2018-11-17T23:07:36.677Z] [uploadQueue] Retrying task 852aee702489725b92dadca17072dcba574bdf7c07ce66986145746d6dc033a0
[debug] [2018-11-17T23:07:36.677Z] [uploadQueue] Retrying task 4fc548e1846029a97e5a885cf4dfba0788742490a352cf68b08efeac6d201e8a
[debug] [2018-11-17T23:07:39.610Z] [hosting][upload]
[debug] [2018-11-17T23:07:39.684Z] [hosting][upload]
[debug] [2018-11-17T23:07:40.010Z] [uploadQueue] Retrying task 6a495193da575c37f9c456ef8a8b95a7951ebd6b47fc1ddd1d14f1451be72960
[debug] [2018-11-17T23:07:40.084Z] [uploadQueue] Retrying task 8adbf68a9042753e108cc50ad75796017d5bea9d6217b6e8bf9b2e11783f8f38
[debug] [2018-11-17T23:07:46.931Z] [hosting][upload]
[debug] [2018-11-17T23:07:46.932Z] [hosting][upload]
[debug] [2018-11-17T23:07:46.944Z] [hosting][upload]
[debug] [2018-11-17T23:07:46.946Z] [hosting][upload]
[debug] [2018-11-17T23:07:46.946Z] [hosting][upload]
[debug] [2018-11-17T23:07:46.948Z] [hosting][upload]
[debug] [2018-11-17T23:07:46.948Z] [hosting][upload]
[debug] [2018-11-17T23:07:46.949Z] [hosting][upload]
[debug] [2018-11-17T23:07:47.332Z] [uploadQueue] Retrying task d0bd45388011bdada60ff168106a95b27cc87800eeef73a2bed4ef2935bbb2b3
[debug] [2018-11-17T23:07:47.332Z] [uploadQueue] Retrying task d1808d7a7ce7603652d3fa0a114473c2e3483db09a425316fad0351eea74fec6
[debug] [2018-11-17T23:07:47.344Z] [uploadQueue] Retrying task bd9933f8ca8f1d0485c1b364406604dc20196fc5e466daa65cc000bf5f0cb5e9
[debug] [2018-11-17T23:07:47.346Z] [uploadQueue] Retrying task 6490e0a02dbf339334bcc86ae0f835f89d85aa744aa586bc06eb3663f0be35de
[debug] [2018-11-17T23:07:47.346Z] [uploadQueue] Retrying task 7dcb20a40480e200e0ce2f2928d8f5a0487d2199c884f1411a9ab13f61490a71
[debug] [2018-11-17T23:07:47.349Z] [uploadQueue] Retrying task 7a7a636e032d9708063eacd0a4a7ff47d1d928243122768ffeadd50222983643
[debug] [2018-11-17T23:07:47.349Z] [uploadQueue] Retrying task b12ec607b6d02a5da507eba80001c1fb001b8a3960535eaa0c5310e0914b20ee
[debug] [2018-11-17T23:07:47.349Z] [uploadQueue] Retrying task 68528141273a677485224c76e2a61192edf2e40290cdd24bb30c0a4c78ffae1e
[debug] [2018-11-17T23:07:57.500Z] [hosting][upload]
[debug] [2018-11-17T23:07:58.300Z] [uploadQueue] Retrying task 06f49ed3cc131666fc2534cf2f3c8bf18d8a918c1390885b2a0f02a6f0589034
[debug] [2018-11-17T23:08:01.089Z] [hosting][upload]
[debug] [2018-11-17T23:08:01.889Z] [uploadQueue] Retrying task 8adbf68a9042753e108cc50ad75796017d5bea9d6217b6e8bf9b2e11783f8f38
[debug] [2018-11-17T23:08:27.207Z] [hosting][upload]
[debug] [2018-11-17T23:08:27.227Z] [hosting][upload]
[debug] [2018-11-17T23:08:27.292Z] [hosting][upload]
[debug] [2018-11-17T23:08:27.447Z] [hosting][upload]
[debug] [2018-11-17T23:08:27.447Z] [hosting][upload]
[debug] [2018-11-17T23:08:27.449Z] [hosting][upload]
[debug] [2018-11-17T23:08:27.454Z] [hosting][upload]
[debug] [2018-11-17T23:08:27.466Z] [hosting][upload]
[debug] [2018-11-17T23:08:27.471Z] [hosting][upload]
[debug] [2018-11-17T23:08:27.473Z] [hosting][upload]
[debug] [2018-11-17T23:08:27.486Z] [hosting][upload]
[debug] [2018-11-17T23:08:27.494Z] [hosting][upload]
[debug] [2018-11-17T23:08:27.500Z] [hosting][upload]
[debug] [2018-11-17T23:08:27.520Z] [hosting][upload]
[debug] [2018-11-17T23:08:27.520Z] [hosting][upload]
[debug] [2018-11-17T23:08:27.523Z] [hosting][upload]
[debug] [2018-11-17T23:08:27.539Z] [hosting][upload]
[debug] [2018-11-17T23:08:27.545Z] [hosting][upload]
[debug] [2018-11-17T23:08:27.560Z] [hosting][upload]
[debug] [2018-11-17T23:08:27.566Z] [hosting][upload]
[debug] [2018-11-17T23:08:27.569Z] [hosting][upload]
[debug] [2018-11-17T23:08:27.585Z] [hosting][upload]
[debug] [2018-11-17T23:08:27.608Z] [uploadQueue] Retrying task bb74f878eebaf51a85cd160f722e7e68acd7043b23aa5d4ce4dd2bb9c4fdaa7d
[debug] [2018-11-17T23:08:27.609Z] [hosting][upload]
[debug] [2018-11-17T23:08:27.616Z] [hosting][upload]
[debug] [2018-11-17T23:08:27.622Z] [hosting][upload]
[debug] [2018-11-17T23:08:27.627Z] [uploadQueue] Retrying task 037129e2550fa149335464d587873e9eb143b51107822df7838c91f5c57d6361
[debug] [2018-11-17T23:08:27.628Z] [hosting][upload]
[debug] [2018-11-17T23:08:27.630Z] [hosting][upload]
[debug] [2018-11-17T23:08:27.637Z] [hosting][upload]
[debug] [2018-11-17T23:08:27.641Z] [hosting][upload]
[debug] [2018-11-17T23:08:27.644Z] [hosting][upload]
[debug] [2018-11-17T23:08:27.653Z] [hosting][upload]
[debug] [2018-11-17T23:08:27.653Z] [hosting][upload]
[debug] [2018-11-17T23:08:27.655Z] [hosting][upload]
[debug] [2018-11-17T23:08:27.661Z] [hosting][upload]
[debug] [2018-11-17T23:08:27.664Z] [hosting][upload]
[debug] [2018-11-17T23:08:27.684Z] [hosting][upload]
[debug] [2018-11-17T23:08:27.684Z] [hosting][upload]
[debug] [2018-11-17T23:08:27.687Z] [hosting][upload]
[debug] [2018-11-17T23:08:27.692Z] [uploadQueue] Retrying task 63ac63b167d2f96ad4c325ac73025d8253668e7d1a316f19cbbfcf9ec3f4e894
[debug] [2018-11-17T23:08:27.696Z] [hosting][upload]
[debug] [2018-11-17T23:08:27.717Z] [hosting][upload]
[debug] [2018-11-17T23:08:27.731Z] [hosting][upload]
[debug] [2018-11-17T23:08:27.736Z] [hosting][upload]
[debug] [2018-11-17T23:08:27.745Z] [hosting][upload]
[debug] [2018-11-17T23:08:27.754Z] [hosting][upload]
[debug] [2018-11-17T23:08:27.758Z] [hosting][upload]
[debug] [2018-11-17T23:08:27.768Z] [hosting][upload]
[debug] [2018-11-17T23:08:27.768Z] [hosting][upload]
[debug] [2018-11-17T23:08:27.772Z] [hosting][upload]
[debug] [2018-11-17T23:08:27.784Z] [hosting][upload]
[debug] [2018-11-17T23:08:27.789Z] [hosting][upload]
[debug] [2018-11-17T23:08:27.792Z] [hosting][upload]
[debug] [2018-11-17T23:08:27.802Z] [hosting][upload]
[debug] [2018-11-17T23:08:27.810Z] [hosting][upload]
[debug] [2018-11-17T23:08:27.847Z] [uploadQueue] Retrying task c3af9ce52cf814d088d75c0b65a4b20eac1fdb1883ea1f77860f60bff7704877
[debug] [2018-11-17T23:08:27.848Z] [uploadQueue] Retrying task f6412d38b1125b754827c1e13730fbaa9ac74920432f4c7596a64f77e5ffca62
[debug] [2018-11-17T23:08:27.849Z] [uploadQueue] Retrying task 0b5fe4ba0e30e6a440b248c676e93406299809d505e708a3e0e6e6721a59c0ff
[debug] [2018-11-17T23:08:27.855Z] [uploadQueue] Retrying task 7bfdc9b69acaa037a569558e8d8c9f715f7567184ecd751b0b875f21066e48c1
[debug] [2018-11-17T23:08:27.866Z] [uploadQueue] Retrying task 3188f586ab15efd7570612b995bb930ca8b3a8cc0a7b918af019bf01c29470f6
[debug] [2018-11-17T23:08:27.873Z] [hosting][upload]
[debug] [2018-11-17T23:08:27.873Z] [uploadQueue] Retrying task 7b366951d953f6884f838f3552d50c6814330b213443a6e80e6d8df67ff6868d
[debug] [2018-11-17T23:08:27.873Z] [uploadQueue] Retrying task 201df16f7206eac525ad2967b00eb61a86007800ffc292f5d4dc74e541c25522
[debug] [2018-11-17T23:08:27.877Z] [hosting][upload]
[debug] [2018-11-17T23:08:27.887Z] [uploadQueue] Retrying task 2bfedbf5bdd887479354251c12127dcc90ae5dcd7b606ff6569f3706d8dc2eec
[debug] [2018-11-17T23:08:27.895Z] [uploadQueue] Retrying task e4980fd028240900ff32012804af781639f35d4d696a0e55eb3462dd49df6d69
[debug] [2018-11-17T23:08:27.901Z] [uploadQueue] Retrying task ab4ff117682d7d1f204beb38b48a4e58ce0a6ce3ac5ade92c643a163275ffa1a
[debug] [2018-11-17T23:08:27.921Z] [uploadQueue] Retrying task 992008680cfa7aa86976b816e000419d5b93e1abace60dad359e998437f12f7c
[debug] [2018-11-17T23:08:27.921Z] [uploadQueue] Retrying task ed527b60e4c3c1ccd423b2a5328b72e98f653bdf7a2705701d4a0236a5f97b66
[debug] [2018-11-17T23:08:27.923Z] [uploadQueue] Retrying task 7326b0713a3b6e6e846f6571dd2110ffeb149c299323f93e0174800d6b1279cf
[debug] [2018-11-17T23:08:27.939Z] [uploadQueue] Retrying task 74ada03fcc690e1ac62b1f5bc2919937a511255dbae0b3c8d3ecff24c36a14f3
[debug] [2018-11-17T23:08:27.946Z] [uploadQueue] Retrying task ca0f6e69f874a1d269d369044f4c64405439ff656c8239a9a4bcfb219dfe61c3
[debug] [2018-11-17T23:08:27.960Z] [uploadQueue] Retrying task a0eadca23412e2469ed98c2ecad73136a9c586e734c047bac52ecaf6c9e4b0ed
[debug] [2018-11-17T23:08:27.967Z] [uploadQueue] Retrying task 42b5d3dd447d2256556a2dab63d69a2e76d92fc23433862f298765f5d189f4c5
[debug] [2018-11-17T23:08:27.969Z] [uploadQueue] Retrying task cf7b56c1782b36a832fd9a77ebd42b3c72e31b2213f0accb19214481e9035246
[debug] [2018-11-17T23:08:27.985Z] [uploadQueue] Retrying task ff4c9d5522c5c01daf7d7b794bdfe0c669d835453a42cc3b61e6ef3f54a66d7f
[debug] [2018-11-17T23:08:28.009Z] [uploadQueue] Retrying task 499a74aa137c689af018c5589023008be0db5cbe945123e9bdb4cb57bf29c824
[debug] [2018-11-17T23:08:28.016Z] [uploadQueue] Retrying task a65500d84c13204a0ede7825f5a19caddb4b89c81d65160d758f5ed44d979e32
[debug] [2018-11-17T23:08:28.024Z] [uploadQueue] Retrying task 436277eff424ed99f368f15917bfca66bbcd6f2cd4aad3389d85e9987eedac2b
[debug] [2018-11-17T23:08:28.028Z] [uploadQueue] Retrying task 21b655978936702da76f69520531eaaccfdf9afa135c08a3df6f55cbeb0dfa88
[debug] [2018-11-17T23:08:28.030Z] [uploadQueue] Retrying task 1478a3f1e49ca5f3c03e37b53931416cbf62065b49a50dd03eeeb7dce3bb2142
[debug] [2018-11-17T23:08:28.037Z] [uploadQueue] Retrying task e183baf5db741ba9f93335410b647f19d2e41c079a6c6220652f56caabc399dc
[debug] [2018-11-17T23:08:28.042Z] [uploadQueue] Retrying task 19c08bb8b6a2b26a187c1ab5e648b82e8b2d97fb7eb078c93127e8e2466db8c8
[debug] [2018-11-17T23:08:28.045Z] [uploadQueue] Retrying task 3ac5e0b2a2add9734b4243ffbe752ba99e2ac00235b7989b4e22b6694eefd0d1
[debug] [2018-11-17T23:08:28.053Z] [uploadQueue] Retrying task b2da45f8c894fae9841a0ee477ea38298c2b7e7268dd9d371cfad7059f7d8ffd
[debug] [2018-11-17T23:08:28.053Z] [uploadQueue] Retrying task 257ec9e08f127645732cbbafe12e60d0aee3ca0cbc9d9a2b588570e04eef8c64
[debug] [2018-11-17T23:08:28.055Z] [uploadQueue] Retrying task 59ffd3b6494f4401e2bd0a06748e27a2cc883da33896b9bf128944411c7911f8
[debug] [2018-11-17T23:08:28.061Z] [uploadQueue] Retrying task 6f0d0469b467235d9ed07539c049fe6b387fe7d0da8f3dbf50365e0ea1d59ec5
[debug] [2018-11-17T23:08:28.064Z] [uploadQueue] Retrying task 1489cd0590d55c5c3b1e8bd2656cdf9989f8545efab32cd9205bfad63b9abed0
[debug] [2018-11-17T23:08:28.067Z] [hosting][upload]
[debug] [2018-11-17T23:08:28.084Z] [uploadQueue] Retrying task a7356b95abdc38b4aff9cb6246b07333efd1c45920c4b9aee34a53877672418b
[debug] [2018-11-17T23:08:28.084Z] [uploadQueue] Retrying task 74df7dfc07305f2e48800a5d040166785ed034a94743f044e03678d770731fb4
[debug] [2018-11-17T23:08:28.087Z] [uploadQueue] Retrying task f19fa841a0d090bc9792a44c2cc066f2cf3818851962aa499227f4acb05c7e93
[debug] [2018-11-17T23:08:28.093Z] [hosting][upload]
[debug] [2018-11-17T23:08:28.097Z] [uploadQueue] Retrying task b903e5c091483c7181e96289795d397409fbb3f9b2b2b4fde3e6d388c96aef91
[debug] [2018-11-17T23:08:28.118Z] [uploadQueue] Retrying task 7ad2d821720ad78f1481396747b1892403f5c17c96e3ad6c11ac9723ed23657d
[debug] [2018-11-17T23:08:28.123Z] [hosting][upload]
[debug] [2018-11-17T23:08:28.131Z] [uploadQueue] Retrying task cfcd6b383279753f06d14f9f53559501150bae506c6336c96a658ac2730df0ad
[debug] [2018-11-17T23:08:28.137Z] [uploadQueue] Retrying task 6e84ba70a8fd7b709ea72587700e8fe80bf6f9b2fcfe61b77a008983fac67d90
[debug] [2018-11-17T23:08:28.146Z] [uploadQueue] Retrying task 8d4cc00923aa7b1a6f32fced96f0fb7517b094e10704dee6b6e0c7db87c8b444
[debug] [2018-11-17T23:08:28.154Z] [uploadQueue] Retrying task 4021085031126243fb3d0832f3ee0e284138a7e1bb38be838cc66cdcc13e0391
[debug] [2018-11-17T23:08:28.158Z] [uploadQueue] Retrying task 46501a9a8092f56bee0132adfd2b536114de6ac4958001d35507ff033b56f292
[debug] [2018-11-17T23:08:28.169Z] [uploadQueue] Retrying task 4753e1a5272d2cb53aefcff02762d9508bd5c6e154bbf2c2192de2877632e8c6
[debug] [2018-11-17T23:08:28.169Z] [uploadQueue] Retrying task 0723965c57416a794f6bca10585c4027215d94449e9a70d649c06b1602bf0c69
[debug] [2018-11-17T23:08:28.173Z] [uploadQueue] Retrying task 36aa84f3efb3e66f3d37306279ad88f1fa8c02915e27fabcc06d5350c67be843
[debug] [2018-11-17T23:08:28.184Z] [hosting][upload]
[debug] [2018-11-17T23:08:28.184Z] [uploadQueue] Retrying task 498eea388b2bc7ee20127dd3a358076d875d85b63a1903dda0af3b90738c7416
[debug] [2018-11-17T23:08:28.189Z] [uploadQueue] Retrying task d35c9967122d47c3cde7974e41fae492da8d477edf7714fe75a5501626ebbfa2
[debug] [2018-11-17T23:08:28.193Z] [uploadQueue] Retrying task 1c299bbaf6cd9bfebe0e911abf12b7783ae0c5a0debc71404454b29d84e8679e
[debug] [2018-11-17T23:08:28.204Z] [uploadQueue] Retrying task fe24d719bc15bc2fef0819d99a4bd491d78302191c6940fe5feeac1345e14837
[debug] [2018-11-17T23:08:28.210Z] [uploadQueue] Retrying task 081d9c82cb91c2782793dad2d9339abb35fc596a42c1ca3b1999bf133ed64236
[debug] [2018-11-17T23:08:28.226Z] [hosting][upload]
[debug] [2018-11-17T23:08:28.270Z] [hosting][upload]
[debug] [2018-11-17T23:08:28.274Z] [uploadQueue] Retrying task 47d95fbed386cfb514ce5a841b71ce14aec18a602d3e4a7dc9587e2ebc3e7327
[debug] [2018-11-17T23:08:28.278Z] [uploadQueue] Retrying task 318e1cd3d5575632b026d2dd5ebd2bf2eaa8791530082e3227fe53beb98b8d58
[debug] [2018-11-17T23:08:28.468Z] [uploadQueue] Retrying task 13372c15d47da8c11227dde9ce6ec55d24d827992b366f7935f483159ae4a4f0
[debug] [2018-11-17T23:08:28.494Z] [uploadQueue] Retrying task bf44e140297f365e36a4033bdc152a423abc612bcdcbb9b05e2de9a2afff2f97
[debug] [2018-11-17T23:08:28.495Z] [hosting][upload]
[debug] [2018-11-17T23:08:28.523Z] [uploadQueue] Retrying task aeacd9e60e55b5572dc10a61660e45e4c1faa228802e5ede23541b5f89b4a781
[debug] [2018-11-17T23:08:28.584Z] [uploadQueue] Retrying task f840787fdc4987014a83fd75b3bb1a6ca2d37ea8afa509cc58a83fd8fca4d69f
[debug] [2018-11-17T23:08:28.586Z] [hosting][upload]
[debug] [2018-11-17T23:08:28.626Z] [uploadQueue] Retrying task bbbdfbe5262fd76c0db96bf97fb6537c28369f600d8b80a175c3c8b234f587fe
[debug] [2018-11-17T23:08:28.670Z] [uploadQueue] Retrying task 0807ba9b0c9f74edc5f27bfb336a80f5e358afe7f8b49ab56c396311b3cf3a79
[debug] [2018-11-17T23:08:28.855Z] [hosting][upload]
[debug] [2018-11-17T23:08:28.896Z] [uploadQueue] Retrying task 6e79475cb227b5388c36a0c181449d339e44ae5786eb3b2352bad87a68e41d41
[debug] [2018-11-17T23:08:28.987Z] [uploadQueue] Retrying task bf508b9323a3bcdacaa8a3a92ca9e090e7a64cec52b7dc1ff228d8fac73fd84f
[debug] [2018-11-17T23:08:29.257Z] [uploadQueue] Retrying task edce7fd3ec250b5b4cce76caf09e1329ec39642773d5239c7dcf9d1785eda2b5
[debug] [2018-11-17T23:08:30.482Z] [hosting][upload]
[debug] [2018-11-17T23:08:30.572Z] [hosting][upload]
[debug] [2018-11-17T23:08:30.611Z] [hosting][upload]
[debug] [2018-11-17T23:08:30.739Z] [hosting][upload]
[debug] [2018-11-17T23:08:30.883Z] [uploadQueue] Retrying task 957f03a1e94d383bf92ed3cb22417832d62ff6437248ec0afec79d193a4dcb3d
[debug] [2018-11-17T23:08:30.972Z] [uploadQueue] Retrying task c7d9815696c794bdf3adae496240063460f0af32613bbcadae1adb352e8d07a2
[debug] [2018-11-17T23:08:31.011Z] [uploadQueue] Retrying task 3b97104cd31df444eec00474d5de8cfd2a8391fa2c2d0beabf68875e3f3a7b7c
[debug] [2018-11-17T23:08:31.139Z] [uploadQueue] Retrying task 3c3eddd6ae3c80f6810fb03ed15ad049edc5aa180af136b468f12158b82e08fc
[debug] [2018-11-17T23:08:31.310Z] [hosting][upload]
[debug] [2018-11-17T23:08:31.314Z] [hosting][upload]
[debug] [2018-11-17T23:08:31.324Z] [hosting][upload]
[debug] [2018-11-17T23:08:31.440Z] [hosting][upload]
[debug] [2018-11-17T23:08:31.440Z] [hosting][upload]
[debug] [2018-11-17T23:08:31.476Z] [hosting][upload]
[debug] [2018-11-17T23:08:31.507Z] [hosting][upload]
[debug] [2018-11-17T23:08:31.604Z] [hosting][upload]
[debug] [2018-11-17T23:08:31.618Z] [hosting][upload]
[debug] [2018-11-17T23:08:31.619Z] [hosting][upload]
[debug] [2018-11-17T23:08:31.679Z] [hosting][upload]
[debug] [2018-11-17T23:08:31.711Z] [uploadQueue] Retrying task e85171705e11e577baf6556794a6ddc08740e9cddd61419be0b9dabc237d04de
[debug] [2018-11-17T23:08:31.714Z] [uploadQueue] Retrying task c698ee3ac9514a22466a239cc6571be90b210f87ae3a3d715dfb067683b22ee5
[debug] [2018-11-17T23:08:31.725Z] [uploadQueue] Retrying task 7ab49305353e2165cba56c5bdd47e3a58285e84b959154c078f0db71b4ccd349
[debug] [2018-11-17T23:08:31.840Z] [uploadQueue] Retrying task 23834726869158c4bfb1dae358c03c1b3d1edf39a18b53d81024478cdaff09fd
[debug] [2018-11-17T23:08:31.840Z] [uploadQueue] Retrying task 5983601a6f8f08f56c50cf5ea41c39fa65edf7f012746587f846809f809c6ce8
[debug] [2018-11-17T23:08:31.876Z] [uploadQueue] Retrying task 75dd6d53e627e80034595793e37653c268e972c10ad29e9668c959932206ee68
[debug] [2018-11-17T23:08:31.907Z] [uploadQueue] Retrying task 89fbe9294738d4129eca1b46e866d3123507e6af04df421cf9075ea81376fe7e
[debug] [2018-11-17T23:08:32.004Z] [uploadQueue] Retrying task 268898235ca61a8e882bd295ffb6dab76cfd7958f33650c1408575ab8637405b
[debug] [2018-11-17T23:08:32.018Z] [uploadQueue] Retrying task e9b04c50759d52c643ba5d484134af97fc2ff627fa506b7d463176d8dc924710
[debug] [2018-11-17T23:08:32.019Z] [uploadQueue] Retrying task e5a6f20bf0df1c6c4ee0d28ef5791d3f78ef353f60ad06f1905d899f418f67e6
[debug] [2018-11-17T23:08:32.080Z] [uploadQueue] Retrying task ba744b536d13a838ab93e14a7736d97d9e9497c231d1dd550e8764e8cdb7fa34
[debug] [2018-11-17T23:08:32.872Z] [hosting][upload]
[debug] [2018-11-17T23:08:33.047Z] [hosting][upload]
[debug] [2018-11-17T23:08:33.143Z] [hosting][upload]
[debug] [2018-11-17T23:08:33.171Z] [hosting][upload]
[debug] [2018-11-17T23:08:33.256Z] [hosting][upload]
[debug] [2018-11-17T23:08:33.273Z] [uploadQueue] Retrying task fb150b4014a1678efd710ef384025bbcb89dc58460218f927f9766eb74017cbc
[debug] [2018-11-17T23:08:33.281Z] [hosting][upload]
[debug] [2018-11-17T23:08:33.356Z] [hosting][upload]
[debug] [2018-11-17T23:08:33.447Z] [uploadQueue] Retrying task 7538fcbc35014af045854f8840c8a463a2e79baad735d01d08389e931303eb37
[debug] [2018-11-17T23:08:33.543Z] [uploadQueue] Retrying task 82cea87801ec5ae58f44412870126cf3b05c78e78122369d8b1192e34f073517
[debug] [2018-11-17T23:08:33.572Z] [uploadQueue] Retrying task 56af2c0d5438dc2f5cd2bb5793d1d9cfdb0242b8564153407dd8416d7c2b663d
[debug] [2018-11-17T23:08:33.657Z] [uploadQueue] Retrying task 1f16467c15e79fead0b048429554a31e765454deaa15deb3dd5e047710715ffb
[debug] [2018-11-17T23:08:33.681Z] [uploadQueue] Retrying task e00b8ca03afc3e3ef56715a5bfa84e848665b74efef8773ef1736ba1a2a48807
[debug] [2018-11-17T23:08:33.757Z] [uploadQueue] Retrying task 836a08ccb342bcb5d8a4d91b94b3e71e8340b91d8cc71976e4199b4f6d4d70dc
[debug] [2018-11-17T23:08:34.848Z] [hosting][upload]
[debug] [2018-11-17T23:08:34.897Z] [hosting][upload]
[debug] [2018-11-17T23:08:35.034Z] [hosting][upload]
[debug] [2018-11-17T23:08:35.249Z] [uploadQueue] Retrying task 8ed9eb3510738332274babe49dc2976e4ed10df3d6eddb81ac3b5ff5ffb19311
[debug] [2018-11-17T23:08:35.298Z] [uploadQueue] Retrying task 5f8a7f9f8862765a216b57174a3cdbd92f82ee3d938f7e68e0621f7035d76362
[debug] [2018-11-17T23:08:35.318Z] [hosting][upload]
[debug] [2018-11-17T23:08:35.435Z] [uploadQueue] Retrying task 9a4c529f9f49b011e6cca0c08c9df53a532230b8bd2223776d49aa5e4011782e
[debug] [2018-11-17T23:08:35.499Z] [hosting][upload]
[debug] [2018-11-17T23:08:35.719Z] [uploadQueue] Retrying task 86bb06c013704978dd8323a563d084ee6efd2adb4f74a1ef2df607e3307206ba
[debug] [2018-11-17T23:08:35.900Z] [uploadQueue] Retrying task 31952d4e08788a97b22489be98c6bc4b7888e0d0407cc1109ec5409a9af1184e
[debug] [2018-11-17T23:08:39.102Z] [hosting][upload]
[debug] [2018-11-17T23:08:39.388Z] [hosting][upload]
[debug] [2018-11-17T23:08:39.687Z] [hosting][upload]
[debug] [2018-11-17T23:08:39.717Z] [hosting][upload]
[debug] [2018-11-17T23:08:39.813Z] [hosting][upload]
[debug] [2018-11-17T23:08:39.838Z] [hosting][upload]
[debug] [2018-11-17T23:08:39.859Z] [hosting][upload]
[debug] [2018-11-17T23:08:39.862Z] [hosting][upload]
[debug] [2018-11-17T23:08:39.865Z] [hosting][upload]
[debug] [2018-11-17T23:08:39.894Z] [hosting][upload]
[debug] [2018-11-17T23:08:39.902Z] [uploadQueue] Retrying task bb74f878eebaf51a85cd160f722e7e68acd7043b23aa5d4ce4dd2bb9c4fdaa7d
[debug] [2018-11-17T23:08:40.087Z] [uploadQueue] Retrying task 088d619e37f6c08ed6504c392a8f9e82848526bdd4ef572649a86adfa3edd9f6
[debug] [2018-11-17T23:08:40.117Z] [uploadQueue] Retrying task a9e654cb7785ba2fca1d346affc1b1def6ef8a0829cbd3cb8097ad2d90087e7f
[debug] [2018-11-17T23:08:40.172Z] [hosting][upload]
[debug] [2018-11-17T23:08:40.189Z] [uploadQueue] Retrying task a0eadca23412e2469ed98c2ecad73136a9c586e734c047bac52ecaf6c9e4b0ed
[debug] [2018-11-17T23:08:40.206Z] [hosting][upload]
[debug] [2018-11-17T23:08:40.213Z] [uploadQueue] Retrying task 888f0d3747c2c2d1a78bf5b92c8df845afdc49da3fb9956b3c49aa5ab132116e
[debug] [2018-11-17T23:08:40.222Z] [hosting][upload]
[debug] [2018-11-17T23:08:40.232Z] [hosting][upload]
[debug] [2018-11-17T23:08:40.238Z] [uploadQueue] Retrying task 10ec231ea793cb77b3dc5bd5c2ce6d67929660277adb2772d1f147b35f9cbefb
[debug] [2018-11-17T23:08:40.259Z] [uploadQueue] Retrying task 64e8d2ebc3cff8374c91740701db775e3df92096a596fc5568fd88cf9e141cce
[debug] [2018-11-17T23:08:40.262Z] [uploadQueue] Retrying task 7a308ec69cefa2844efc869d159642228680158243c9db8ea3de9d50daefe15d
[debug] [2018-11-17T23:08:40.265Z] [uploadQueue] Retrying task 233225f917808bda5cb5908e6a645fe3a4fcb56faccd3f7b9ea4b65df833938e
[debug] [2018-11-17T23:08:40.266Z] [hosting][upload]
[debug] [2018-11-17T23:08:40.271Z] [hosting][upload]
[debug] [2018-11-17T23:08:40.295Z] [uploadQueue] Retrying task c0f4bdd04414d19cd018d5628fde39ee1a8b1bd84536c17a31b52c8e9fd61fea
[debug] [2018-11-17T23:08:40.830Z] [hosting][upload]
[debug] [2018-11-17T23:08:40.973Z] [uploadQueue] Retrying task 21b655978936702da76f69520531eaaccfdf9afa135c08a3df6f55cbeb0dfa88
[debug] [2018-11-17T23:08:41.006Z] [uploadQueue] Retrying task 257ec9e08f127645732cbbafe12e60d0aee3ca0cbc9d9a2b588570e04eef8c64
[debug] [2018-11-17T23:08:41.022Z] [uploadQueue] Retrying task f19fa841a0d090bc9792a44c2cc066f2cf3818851962aa499227f4acb05c7e93
[debug] [2018-11-17T23:08:41.034Z] [uploadQueue] Retrying task 7ad2d821720ad78f1481396747b1892403f5c17c96e3ad6c11ac9723ed23657d
[debug] [2018-11-17T23:08:41.066Z] [uploadQueue] Retrying task 47d95fbed386cfb514ce5a841b71ce14aec18a602d3e4a7dc9587e2ebc3e7327
[debug] [2018-11-17T23:08:41.072Z] [uploadQueue] Retrying task 6e84ba70a8fd7b709ea72587700e8fe80bf6f9b2fcfe61b77a008983fac67d90
[debug] [2018-11-17T23:08:41.437Z] [hosting][upload]
[debug] [2018-11-17T23:08:41.441Z] [hosting][upload]
[debug] [2018-11-17T23:08:41.630Z] [uploadQueue] Retrying task edce7fd3ec250b5b4cce76caf09e1329ec39642773d5239c7dcf9d1785eda2b5
[debug] [2018-11-17T23:08:42.237Z] [uploadQueue] Retrying task 1eb8ff7d7fb7941877303168200db108ff0208779022b804032ac3d938cdec1b
[debug] [2018-11-17T23:08:42.241Z] [uploadQueue] Retrying task 674cbb9270c34cc3fbe81f84b56f199020ce758f2b0db3798ff663a5db9a3855
[debug] [2018-11-17T23:08:42.532Z] [hosting][upload]
[debug] [2018-11-17T23:08:43.333Z] [uploadQueue] Retrying task 3b97104cd31df444eec00474d5de8cfd2a8391fa2c2d0beabf68875e3f3a7b7c
[debug] [2018-11-17T23:08:43.593Z] [hosting][upload]
[debug] [2018-11-17T23:08:43.626Z] [hosting][upload]
[debug] [2018-11-17T23:08:43.679Z] [hosting][upload]
[debug] [2018-11-17T23:08:43.723Z] [hosting][upload]
[debug] [2018-11-17T23:08:44.394Z] [uploadQueue] Retrying task fe24d719bc15bc2fef0819d99a4bd491d78302191c6940fe5feeac1345e14837
[debug] [2018-11-17T23:08:44.427Z] [uploadQueue] Retrying task 23834726869158c4bfb1dae358c03c1b3d1edf39a18b53d81024478cdaff09fd
[debug] [2018-11-17T23:08:44.481Z] [uploadQueue] Retrying task 6a495193da575c37f9c456ef8a8b95a7951ebd6b47fc1ddd1d14f1451be72960
[debug] [2018-11-17T23:08:44.524Z] [uploadQueue] Retrying task e9b04c50759d52c643ba5d484134af97fc2ff627fa506b7d463176d8dc924710
[debug] [2018-11-17T23:08:44.580Z] [hosting][upload]
[debug] [2018-11-17T23:08:45.038Z] [hosting][upload]
[debug] [2018-11-17T23:08:45.380Z] [uploadQueue] Retrying task e7aec1585d777d3ae3d61512e9e6dee052965a351f4147274024a2ea06d9a814
[debug] [2018-11-17T23:08:45.840Z] [uploadQueue] Retrying task fb150b4014a1678efd710ef384025bbcb89dc58460218f927f9766eb74017cbc
[debug] [2018-11-17T23:08:47.425Z] [hosting][upload]
[debug] [2018-11-17T23:08:48.225Z] [uploadQueue] Retrying task 4fc548e1846029a97e5a885cf4dfba0788742490a352cf68b08efeac6d201e8a
[debug] [2018-11-17T23:08:48.788Z] [hosting][upload]
[debug] [2018-11-17T23:08:48.853Z] [hosting][upload]
[debug] [2018-11-17T23:08:48.906Z] [hosting][upload]
[debug] [2018-11-17T23:08:48.925Z] [hosting][upload]
[debug] [2018-11-17T23:08:49.588Z] [uploadQueue] Retrying task 992008680cfa7aa86976b816e000419d5b93e1abace60dad359e998437f12f7c
[debug] [2018-11-17T23:08:49.653Z] [uploadQueue] Retrying task c3af9ce52cf814d088d75c0b65a4b20eac1fdb1883ea1f77860f60bff7704877
[debug] [2018-11-17T23:08:49.706Z] [uploadQueue] Retrying task ab4ff117682d7d1f204beb38b48a4e58ce0a6ce3ac5ade92c643a163275ffa1a
[debug] [2018-11-17T23:08:49.726Z] [uploadQueue] Retrying task ed527b60e4c3c1ccd423b2a5328b72e98f653bdf7a2705701d4a0236a5f97b66
[debug] [2018-11-17T23:08:49.827Z] [hosting][upload]
[debug] [2018-11-17T23:08:49.828Z] [hosting][upload]
[debug] [2018-11-17T23:08:49.832Z] [hosting][upload]
[debug] [2018-11-17T23:08:49.833Z] [hosting][upload]
[debug] [2018-11-17T23:08:49.834Z] [hosting][upload]
[debug] [2018-11-17T23:08:49.836Z] [hosting][upload]
[debug] [2018-11-17T23:08:49.837Z] [hosting][upload]
[debug] [2018-11-17T23:08:50.628Z] [uploadQueue] Retrying task 19c08bb8b6a2b26a187c1ab5e648b82e8b2d97fb7eb078c93127e8e2466db8c8
[debug] [2018-11-17T23:08:50.629Z] [uploadQueue] Retrying task 59ffd3b6494f4401e2bd0a06748e27a2cc883da33896b9bf128944411c7911f8
[debug] [2018-11-17T23:08:50.633Z] [uploadQueue] Retrying task 0723965c57416a794f6bca10585c4027215d94449e9a70d649c06b1602bf0c69
[debug] [2018-11-17T23:08:50.633Z] [uploadQueue] Retrying task 74ada03fcc690e1ac62b1f5bc2919937a511255dbae0b3c8d3ecff24c36a14f3
[debug] [2018-11-17T23:08:50.634Z] [uploadQueue] Retrying task 4753e1a5272d2cb53aefcff02762d9508bd5c6e154bbf2c2192de2877632e8c6
[debug] [2018-11-17T23:08:50.637Z] [uploadQueue] Retrying task bbbdfbe5262fd76c0db96bf97fb6537c28369f600d8b80a175c3c8b234f587fe
[debug] [2018-11-17T23:08:50.638Z] [uploadQueue] Retrying task 0807ba9b0c9f74edc5f27bfb336a80f5e358afe7f8b49ab56c396311b3cf3a79
[debug] [2018-11-17T23:08:51.889Z] [hosting][upload]
[debug] [2018-11-17T23:08:52.622Z] [hosting][upload]
[debug] [2018-11-17T23:08:52.656Z] [hosting][upload]
[debug] [2018-11-17T23:08:52.690Z] [uploadQueue] Retrying task 957f03a1e94d383bf92ed3cb22417832d62ff6437248ec0afec79d193a4dcb3d
[debug] [2018-11-17T23:08:52.709Z] [hosting][upload]
[debug] [2018-11-17T23:08:53.085Z] [hosting][upload]
[debug] [2018-11-17T23:08:53.223Z] [hosting][upload]
[debug] [2018-11-17T23:08:53.227Z] [hosting][upload]
[debug] [2018-11-17T23:08:53.227Z] [hosting][upload]
[debug] [2018-11-17T23:08:53.249Z] [hosting][upload]
[debug] [2018-11-17T23:08:53.253Z] [hosting][upload]
[debug] [2018-11-17T23:08:53.259Z] [hosting][upload]
[debug] [2018-11-17T23:08:53.885Z] [uploadQueue] Retrying task ba744b536d13a838ab93e14a7736d97d9e9497c231d1dd550e8764e8cdb7fa34
[debug] [2018-11-17T23:08:54.024Z] [uploadQueue] Retrying task d1808d7a7ce7603652d3fa0a114473c2e3483db09a425316fad0351eea74fec6
[debug] [2018-11-17T23:08:54.027Z] [uploadQueue] Retrying task bd9933f8ca8f1d0485c1b364406604dc20196fc5e466daa65cc000bf5f0cb5e9
[debug] [2018-11-17T23:08:54.027Z] [uploadQueue] Retrying task 6490e0a02dbf339334bcc86ae0f835f89d85aa744aa586bc06eb3663f0be35de
[debug] [2018-11-17T23:08:54.050Z] [uploadQueue] Retrying task 7a7a636e032d9708063eacd0a4a7ff47d1d928243122768ffeadd50222983643
[debug] [2018-11-17T23:08:54.053Z] [uploadQueue] Retrying task b12ec607b6d02a5da507eba80001c1fb001b8a3960535eaa0c5310e0914b20ee
[debug] [2018-11-17T23:08:54.060Z] [uploadQueue] Retrying task 68528141273a677485224c76e2a61192edf2e40290cdd24bb30c0a4c78ffae1e
[debug] [2018-11-17T23:08:54.223Z] [uploadQueue] Retrying task f19fa841a0d090bc9792a44c2cc066f2cf3818851962aa499227f4acb05c7e93
[debug] [2018-11-17T23:08:54.257Z] [uploadQueue] Retrying task 7ad2d821720ad78f1481396747b1892403f5c17c96e3ad6c11ac9723ed23657d
[debug] [2018-11-17T23:08:54.309Z] [uploadQueue] Retrying task 47d95fbed386cfb514ce5a841b71ce14aec18a602d3e4a7dc9587e2ebc3e7327
[debug] [2018-11-17T23:08:54.575Z] [hosting][upload]
[debug] [2018-11-17T23:08:55.377Z] [uploadQueue] Retrying task 56af2c0d5438dc2f5cd2bb5793d1d9cfdb0242b8564153407dd8416d7c2b663d
[debug] [2018-11-17T23:08:56.301Z] [hosting][upload]
[debug] [2018-11-17T23:08:56.759Z] [hosting][upload]
[debug] [2018-11-17T23:08:57.101Z] [uploadQueue] Retrying task 5f8a7f9f8862765a216b57174a3cdbd92f82ee3d938f7e68e0621f7035d76362
[debug] [2018-11-17T23:08:57.559Z] [uploadQueue] Retrying task 27f26c0f62b9a7a4c82c860885e5bb6356466e16fec9e78814aafab8bdf4de8a
[debug] [2018-11-17T23:08:58.374Z] [hosting][upload]
[debug] [2018-11-17T23:08:58.878Z] [hosting][upload]
[debug] [2018-11-17T23:08:59.279Z] [uploadQueue] Retrying task 32f3734d2f9909c106d405d91a43a9b1c3b483a9700b1b8d9f471c774e387546
[debug] [2018-11-17T23:08:59.974Z] [uploadQueue] Retrying task 3b97104cd31df444eec00474d5de8cfd2a8391fa2c2d0beabf68875e3f3a7b7c
[debug] [2018-11-17T23:09:01.092Z] [hosting][upload]
[debug] [2018-11-17T23:09:01.192Z] [hosting][upload]
[debug] [2018-11-17T23:09:01.241Z] [hosting][upload]
[debug] [2018-11-17T23:09:01.668Z] [hosting][upload]
[debug] [2018-11-17T23:09:01.894Z] [uploadQueue] Retrying task 088d619e37f6c08ed6504c392a8f9e82848526bdd4ef572649a86adfa3edd9f6
[debug] [2018-11-17T23:09:02.041Z] [uploadQueue] Retrying task 10ec231ea793cb77b3dc5bd5c2ce6d67929660277adb2772d1f147b35f9cbefb
[debug] [2018-11-17T23:09:02.068Z] [uploadQueue] Retrying task 8ed5dc3f6304c96a20d9337de484c03f03d7d448f08c1c887f55b927b28d5b22
[debug] [2018-11-17T23:09:02.240Z] [hosting][upload]
[debug] [2018-11-17T23:09:02.286Z] [hosting][upload]
[debug] [2018-11-17T23:09:02.286Z] [hosting][upload]
[debug] [2018-11-17T23:09:02.580Z] [hosting][upload]
[debug] [2018-11-17T23:09:02.641Z] [uploadQueue] Retrying task c8b39abd778414107bd73dbf952a1ab49f6b92ac3a1500e7cb5c61487b522467
[debug] [2018-11-17T23:09:02.794Z] [uploadQueue] Retrying task a0eadca23412e2469ed98c2ecad73136a9c586e734c047bac52ecaf6c9e4b0ed
[debug] [2018-11-17T23:09:03.381Z] [uploadQueue] Retrying task d0bd45388011bdada60ff168106a95b27cc87800eeef73a2bed4ef2935bbb2b3
[debug] [2018-11-17T23:09:03.887Z] [uploadQueue] Retrying task 19c08bb8b6a2b26a187c1ab5e648b82e8b2d97fb7eb078c93127e8e2466db8c8
[debug] [2018-11-17T23:09:03.887Z] [uploadQueue] Retrying task 59ffd3b6494f4401e2bd0a06748e27a2cc883da33896b9bf128944411c7911f8
[debug] [2018-11-17T23:09:04.365Z] [hosting][upload]
[debug] [2018-11-17T23:09:04.406Z] [hosting][upload]
[debug] [2018-11-17T23:09:04.775Z] [hosting][upload]
[debug] [2018-11-17T23:09:04.807Z] [uploadQueue] Retrying task 868f08035a6e87f1582491017476cd98c5e4049fb25d78ce53a0ce1f23af38d1
[debug] [2018-11-17T23:09:05.026Z] [hosting][upload]
[debug] [2018-11-17T23:09:05.069Z] [hosting][upload]
[debug] [2018-11-17T23:09:05.262Z] [hosting][upload]
[debug] [2018-11-17T23:09:05.427Z] [uploadQueue] Retrying task 603cb0b786f1fa9314221b6090a28d927292ca4567adcf7f2c86c521411bb911
[debug] [2018-11-17T23:09:05.469Z] [uploadQueue] Retrying task 334c5cb2ad58b759df258f9d13218e9f8fd33f170ce73ac60ba192e0c087c1a0
[debug] [2018-11-17T23:09:05.527Z] [hosting][upload]
[debug] [2018-11-17T23:09:05.564Z] [hosting][upload]
[debug] [2018-11-17T23:09:05.631Z] [hosting][upload]
[debug] [2018-11-17T23:09:05.662Z] [uploadQueue] Retrying task 32643f6a5f57e1e073ba8a9f29a4f9f21735fe9f9b32b0b7d89f7f7ac02ad418
[debug] [2018-11-17T23:09:05.672Z] [hosting][upload]
[debug] [2018-11-17T23:09:05.784Z] [hosting][upload]
[debug] [2018-11-17T23:09:05.966Z] [uploadQueue] Retrying task 06f49ed3cc131666fc2534cf2f3c8bf18d8a918c1390885b2a0f02a6f0589034
[debug] [2018-11-17T23:09:06.072Z] [uploadQueue] Retrying task 77ab3754e08cbe89ca9d70638630c52e59be83b95bb7e017b65aeaed00ca0c35
[debug] [2018-11-17T23:09:06.192Z] [hosting][upload]
[debug] [2018-11-17T23:09:06.376Z] [uploadQueue] Retrying task c3af9ce52cf814d088d75c0b65a4b20eac1fdb1883ea1f77860f60bff7704877
[debug] [2018-11-17T23:09:06.884Z] [hosting][upload]
[debug] [2018-11-17T23:09:06.928Z] [hosting][upload]
[debug] [2018-11-17T23:09:07.128Z] [uploadQueue] Retrying task e9b04c50759d52c643ba5d484134af97fc2ff627fa506b7d463176d8dc924710
[debug] [2018-11-17T23:09:07.161Z] [hosting][upload]
[debug] [2018-11-17T23:09:07.165Z] [uploadQueue] Retrying task 74ada03fcc690e1ac62b1f5bc2919937a511255dbae0b3c8d3ecff24c36a14f3
[debug] [2018-11-17T23:09:07.231Z] [uploadQueue] Retrying task bbbdfbe5262fd76c0db96bf97fb6537c28369f600d8b80a175c3c8b234f587fe
[debug] [2018-11-17T23:09:07.284Z] [uploadQueue] Retrying task ddb4890fd6a4e51dc67bce3f7a3a7d103c587f1cb4d68083a9e105b666292564
[debug] [2018-11-17T23:09:07.329Z] [uploadQueue] Retrying task 6143ed7d62fbdbbf134a29d5b72bd0f933dcf71a7a87b6c51671abd83b7dcdcf
[debug] [2018-11-17T23:09:07.386Z] [uploadQueue] Retrying task bd9933f8ca8f1d0485c1b364406604dc20196fc5e466daa65cc000bf5f0cb5e9
[debug] [2018-11-17T23:09:07.402Z] [hosting][upload]
[debug] [2018-11-17T23:09:07.561Z] [uploadQueue] Retrying task 767d04ceb3e16ffe4a4265397e0e34e4a04ca30c3bb02d05b0838003d6a332b7
[debug] [2018-11-17T23:09:07.802Z] [uploadQueue] Retrying task cb21ca1c0776941c772d76124a053e5bfb1c4f0a3867bb680818ca9a03833287
[debug] [2018-11-17T23:09:08.706Z] [hosting][upload]
[debug] [2018-11-17T23:09:09.106Z] [uploadQueue] Retrying task 606ba954a07e4b7428a777390cfdd0458b125245a3e0fc70c452080ffff5970b
[debug] [2018-11-17T23:09:09.313Z] [hosting][upload]
[debug] [2018-11-17T23:09:09.392Z] [uploadQueue] Retrying task f19fa841a0d090bc9792a44c2cc066f2cf3818851962aa499227f4acb05c7e93
[debug] [2018-11-17T23:09:09.713Z] [uploadQueue] Retrying task f332c2e8c89ed78355bc2cae582ad35307aab77c0f141d585f1d79e7afb53916
[debug] [2018-11-17T23:09:10.592Z] [hosting][upload]
[debug] [2018-11-17T23:09:10.880Z] [hosting][upload]
[debug] [2018-11-17T23:09:11.280Z] [uploadQueue] Retrying task c16a1e319d702cd288c3498630cab84648423a70a88c84478dd837a98ddf363f
[debug] [2018-11-17T23:09:11.964Z] [hosting][upload]
[debug] [2018-11-17T23:09:12.180Z] [hosting][upload]
[debug] [2018-11-17T23:09:12.192Z] [uploadQueue] Retrying task 992008680cfa7aa86976b816e000419d5b93e1abace60dad359e998437f12f7c
[debug] [2018-11-17T23:09:12.328Z] [hosting][upload]
[debug] [2018-11-17T23:09:12.364Z] [uploadQueue] Retrying task f16090e1df2754f363b5f46d859b7ffe75ec2970c26caf31c5a2856eb142a07e
[debug] [2018-11-17T23:09:12.581Z] [uploadQueue] Retrying task c5485e937fadb951d17f62d50cc1b8e2e4aed8b2e66b5659d59e34a620512c9f
[debug] [2018-11-17T23:09:12.717Z] [hosting][upload]
[debug] [2018-11-17T23:09:12.943Z] [hosting][upload]
[debug] [2018-11-17T23:09:13.118Z] [uploadQueue] Retrying task fd8547fcc21f21f336d776411f47aa6856a1bc0ced729c10195d3c0e15aba250
[debug] [2018-11-17T23:09:13.258Z] [hosting][upload]
[debug] [2018-11-17T23:09:13.659Z] [uploadQueue] Retrying task 053b3419f60a0813dfad61299aa1c8f6f123ed2562355f9fd985c12881b22e68
[debug] [2018-11-17T23:09:13.684Z] [hosting][upload]
[debug] [2018-11-17T23:09:13.929Z] [uploadQueue] Retrying task 8adbf68a9042753e108cc50ad75796017d5bea9d6217b6e8bf9b2e11783f8f38
[debug] [2018-11-17T23:09:14.033Z] [hosting][upload]
[debug] [2018-11-17T23:09:14.079Z] [hosting][upload]
[debug] [2018-11-17T23:09:14.085Z] [uploadQueue] Retrying task 32241e6dc3d76f1049e770cbb614124897483fbf1296486105f732bf5c14a4ec
[debug] [2018-11-17T23:09:14.096Z] [hosting][upload]
[debug] [2018-11-17T23:09:14.137Z] [hosting][upload]
[debug] [2018-11-17T23:09:14.156Z] [hosting][upload]
[debug] [2018-11-17T23:09:14.307Z] [hosting][upload]
[debug] [2018-11-17T23:09:14.392Z] [hosting][upload]
[debug] [2018-11-17T23:09:14.435Z] [uploadQueue] Retrying task b3807d7891dd3708e0ca4e3e56d4d33276bc862b8a1acf198e6a615447229786
[debug] [2018-11-17T23:09:14.496Z] [uploadQueue] Retrying task 762ce9ebfbbb537347071dc93b5d7d1e8d3f4b41c41c5e2acf1a9697ab549918
[debug] [2018-11-17T23:09:14.537Z] [uploadQueue] Retrying task 04244f0fa5e1a9d18fe11122e32475b166311e020e9a8fd82b6f914c5316493f
[debug] [2018-11-17T23:09:14.556Z] [uploadQueue] Retrying task 92edfce5ab3cf6f5b8690ebbf91fded2fbf4335de66d3a1b11281e87d8212edd
[debug] [2018-11-17T23:09:14.623Z] [hosting][upload]
[debug] [2018-11-17T23:09:14.707Z] [uploadQueue] Retrying task 70d869d6cf9eb363d49357e12ab934bb5557cac4817b828c3b9b36c46af03694
[debug] [2018-11-17T23:09:14.792Z] [uploadQueue] Retrying task 91fe9ddd571a40d60bbe7694aebfba4d78989c591fabf10ffed832332728b30c
[debug] [2018-11-17T23:09:14.859Z] [hosting][upload]
[debug] [2018-11-17T23:09:15.023Z] [uploadQueue] Retrying task b1aa435872294a2a8b32309798602d1f713db4aca3e9306cf864aa94e36816d2
[debug] [2018-11-17T23:09:15.099Z] [hosting][upload]
[debug] [2018-11-17T23:09:15.260Z] [uploadQueue] Retrying task bb969a864b10908d27565d3a91d1f64a17d7e7ddc350d37c4194125850698ec3
[debug] [2018-11-17T23:09:15.404Z] [hosting][upload]
[debug] [2018-11-17T23:09:15.489Z] [hosting][upload]
[debug] [2018-11-17T23:09:15.499Z] [uploadQueue] Retrying task 8eff223ace91dc6a8b7c95c0ba7e34df0d0ff71a63a121ca793835aefb64cf7a
[debug] [2018-11-17T23:09:15.601Z] [hosting][upload]
[debug] [2018-11-17T23:09:15.679Z] [uploadQueue] Retrying task 10ec231ea793cb77b3dc5bd5c2ce6d67929660277adb2772d1f147b35f9cbefb
[debug] [2018-11-17T23:09:15.748Z] [hosting][upload]
[debug] [2018-11-17T23:09:15.804Z] [uploadQueue] Retrying task 395a2f9a3fa9fd3b5fb29c39aa7968b13ff7a180069ebd78b90f3acd6e05f17c
[debug] [2018-11-17T23:09:15.889Z] [uploadQueue] Retrying task 4c693d698dd3213ec3dd9cae1f98cb0723bfcfa13232c7c8fc58c77bfa4cb54b
[debug] [2018-11-17T23:09:15.936Z] [hosting][upload]
[debug] [2018-11-17T23:09:16.002Z] [uploadQueue] Retrying task bdb8efd78734db78c0c98c4bf59ed425079144b592b369eeb9626bc7f2da9f8a
[debug] [2018-11-17T23:09:16.145Z] [uploadQueue] Retrying task 3b97104cd31df444eec00474d5de8cfd2a8391fa2c2d0beabf68875e3f3a7b7c
[debug] [2018-11-17T23:09:16.148Z] [uploadQueue] Retrying task 1847e44602ba2bb5d926acffd8d9de9cf18b2602e2091aa95725a2c74da7fe45
[debug] [2018-11-17T23:09:16.336Z] [uploadQueue] Retrying task 31e2e077e644d76105e3f92043b4dd1716bfb98ddb541e35788c410ec781db61
[debug] [2018-11-17T23:09:16.486Z] [hosting][upload]
[debug] [2018-11-17T23:09:16.569Z] [hosting][upload]
[debug] [2018-11-17T23:09:16.636Z] [hosting][upload]
[debug] [2018-11-17T23:09:16.687Z] [hosting][upload]
[debug] [2018-11-17T23:09:16.865Z] [hosting][upload]
[debug] [2018-11-17T23:09:16.887Z] [uploadQueue] Retrying task a3a220e1b9442b9dd51754cc97e645b58f1f6a7ade78de33094434ca26189203
[debug] [2018-11-17T23:09:16.958Z] [hosting][upload]
[debug] [2018-11-17T23:09:16.969Z] [uploadQueue] Retrying task 14c744245771d2bfd8084d4c89f8cf1beeb49cb2c3a629857758ff3a8d8b38c9
[debug] [2018-11-17T23:09:17.036Z] [uploadQueue] Retrying task 72c2f5e9b8623f2a3366ae7f9b981b44e90fe2f4172b968f770d044663e2615c
[debug] [2018-11-17T23:09:17.085Z] [hosting][upload]
[debug] [2018-11-17T23:09:17.359Z] [uploadQueue] Retrying task 9c359590b61cb673e9dced01eb36b3c67f86ba6b07429344216f5078fc8380a0
[debug] [2018-11-17T23:09:17.475Z] [hosting][upload]
[debug] [2018-11-17T23:09:17.486Z] [uploadQueue] Retrying task 67d07e60a0868c5a7740a388d57428d492cb7a1fd1c1357da4143ef823e95572
[debug] [2018-11-17T23:09:17.488Z] [uploadQueue] Retrying task 868f08035a6e87f1582491017476cd98c5e4049fb25d78ce53a0ce1f23af38d1
[debug] [2018-11-17T23:09:17.532Z] [hosting][upload]
[debug] [2018-11-17T23:09:17.665Z] [uploadQueue] Retrying task 8ed5dc3f6304c96a20d9337de484c03f03d7d448f08c1c887f55b927b28d5b22
[debug] [2018-11-17T23:09:17.875Z] [uploadQueue] Retrying task d4fb50676049c06af030c04fc72eb70b47d93e6b9c8ff9ed36d53813d21b5f2b
[debug] [2018-11-17T23:09:17.932Z] [uploadQueue] Retrying task 649d277ab96c07dbacaba2f85bd149f7358988a78debe54165a45f3d952ca5a3
[debug] [2018-11-17T23:09:18.217Z] [hosting][upload]
[debug] [2018-11-17T23:09:18.617Z] [uploadQueue] Retrying task c713b62f23e36d83419782825213ee3af0a9e3dee639af04d4193af685439ac9
[debug] [2018-11-17T23:09:19.265Z] [hosting][upload]
[debug] [2018-11-17T23:09:20.769Z] [hosting][upload]
[debug] [2018-11-17T23:09:21.169Z] [uploadQueue] Retrying task cd810e17757444074e6302b43789cceb629ba7706be133dc4bd3a7c0325bc8d4
[debug] [2018-11-17T23:09:21.408Z] [hosting][upload]
[debug] [2018-11-17T23:09:21.684Z] [hosting][upload]
[debug] [2018-11-17T23:09:21.808Z] [uploadQueue] Retrying task 01a528ce7adccb8afd4926cd159eb58ce205826aa76a47b9d3c25f61e632c3f5
[debug] [2018-11-17T23:09:22.085Z] [uploadQueue] Retrying task 360df22c42402d838f8e38348efde2ff0f63eb44a13c84c1a8e3524a570d53be
[debug] [2018-11-17T23:09:22.465Z] [uploadQueue] Retrying task bd9933f8ca8f1d0485c1b364406604dc20196fc5e466daa65cc000bf5f0cb5e9
[debug] [2018-11-17T23:09:22.595Z] [hosting][upload]
[debug] [2018-11-17T23:09:22.901Z] [hosting][upload]
[debug] [2018-11-17T23:09:22.995Z] [uploadQueue] Retrying task 63a96be24b4bf8adc5d8f29df4263055d66ed44f640cc0fdd0a6d3436df23d06
[debug] [2018-11-17T23:09:24.077Z] [hosting][upload]
[debug] [2018-11-17T23:09:24.395Z] [hosting][upload]
[debug] [2018-11-17T23:09:24.477Z] [uploadQueue] Retrying task 3438dd37a4a5f2832a519b9564e9ffad89bb4978a39c0b16b8f0c43554cbbca6
[debug] [2018-11-17T23:09:24.501Z] [uploadQueue] Retrying task 088d619e37f6c08ed6504c392a8f9e82848526bdd4ef572649a86adfa3edd9f6
[debug] [2018-11-17T23:09:24.516Z] [hosting][upload]
[debug] [2018-11-17T23:09:24.561Z] [hosting][upload]
[debug] [2018-11-17T23:09:24.777Z] [hosting][upload]
[debug] [2018-11-17T23:09:24.917Z] [uploadQueue] Retrying task dd42d84e1e979bbf13a7e1c14a19262d7cc093eb74f1283a89e8b246c3dd7253
[debug] [2018-11-17T23:09:25.105Z] [hosting][upload]
[debug] [2018-11-17T23:09:25.177Z] [uploadQueue] Retrying task ab0866e1932752b1ec43c5cd6b181c0a58b3930d7ab8695da65f5154bc51f4d1
[debug] [2018-11-17T23:09:25.196Z] [uploadQueue] Retrying task f16090e1df2754f363b5f46d859b7ffe75ec2970c26caf31c5a2856eb142a07e
[debug] [2018-11-17T23:09:25.344Z] [hosting][upload]
[debug] [2018-11-17T23:09:25.362Z] [uploadQueue] Retrying task c5485e937fadb951d17f62d50cc1b8e2e4aed8b2e66b5659d59e34a620512c9f
[debug] [2018-11-17T23:09:25.365Z] [hosting][upload]
[debug] [2018-11-17T23:09:25.505Z] [uploadQueue] Retrying task 1d11a7e8806001165e7cee69283810d5723950f698aaa49b7699f256d5f34ddc
[debug] [2018-11-17T23:09:25.515Z] [hosting][upload]
[debug] [2018-11-17T23:09:25.745Z] [uploadQueue] Retrying task 5bac62f94d7ff3d00df016b663b6dc3cdfd54ad8c73521343c11b8dbf1ca0a7c
[debug] [2018-11-17T23:09:25.766Z] [uploadQueue] Retrying task 2569f1bf800447477e86c39b329379ab961ddcde239d9a85ca33b8e23a68e3e4
[debug] [2018-11-17T23:09:25.915Z] [uploadQueue] Retrying task 47059bb6be214cf000ff6e777083bf7120ecb9c9d83e378434a663e13cd53509
[debug] [2018-11-17T23:09:26.130Z] [hosting][upload]
[debug] [2018-11-17T23:09:26.286Z] [hosting][upload]
[debug] [2018-11-17T23:09:26.530Z] [uploadQueue] Retrying task cb57bc5a22b88d70ddb58c5338df9e574ea11e7d17cd3eee9cf17d64594d0d5d
[debug] [2018-11-17T23:09:26.892Z] [hosting][upload]
[debug] [2018-11-17T23:09:27.086Z] [uploadQueue] Retrying task 762ce9ebfbbb537347071dc93b5d7d1e8d3f4b41c41c5e2acf1a9697ab549918
[debug] [2018-11-17T23:09:27.104Z] [hosting][upload]
[debug] [2018-11-17T23:09:27.180Z] [hosting][upload]
[debug] [2018-11-17T23:09:27.269Z] [hosting][upload]
[debug] [2018-11-17T23:09:27.287Z] [hosting][upload]
[debug] [2018-11-17T23:09:27.293Z] [uploadQueue] Retrying task 8bef2a98cab8e09ea6d7eb28165ebf81b94688bf18942c6d85414c6f4a593236
[debug] [2018-11-17T23:09:27.505Z] [uploadQueue] Retrying task 9c06c4b421b872c5b6b2e18a68793235fda37632d24e3c126673b0f2199b694f
[debug] [2018-11-17T23:09:27.580Z] [uploadQueue] Retrying task d2e726206ec056af773f22e289eb16fc1f0a700f1cad7c5ed33f01c4632be30a
[debug] [2018-11-17T23:09:27.589Z] [hosting][upload]
[debug] [2018-11-17T23:09:27.663Z] [hosting][upload]
[debug] [2018-11-17T23:09:27.687Z] [uploadQueue] Retrying task 6a653397c25c8c21a29f310a503e052f3a3e607f11d5d11d47b78fce9503a5e8
[debug] [2018-11-17T23:09:27.990Z] [uploadQueue] Retrying task d9038e588dab3e70dcb5f9537e3a5dfff26b54132cbd7cc8ab5352945fc1372c
[debug] [2018-11-17T23:09:28.465Z] [uploadQueue] Retrying task bdb8efd78734db78c0c98c4bf59ed425079144b592b369eeb9626bc7f2da9f8a
[debug] [2018-11-17T23:09:29.985Z] [hosting][upload]
[debug] [2018-11-17T23:09:30.386Z] [uploadQueue] Retrying task 9d30db3234fe48f5d30a5a25fa260907f1c0169421375e859bcb4d8d57f5d8f8
[debug] [2018-11-17T23:09:30.395Z] [hosting][upload]
[debug] [2018-11-17T23:09:30.469Z] [uploadQueue] Retrying task 10ec231ea793cb77b3dc5bd5c2ce6d67929660277adb2772d1f147b35f9cbefb
[debug] [2018-11-17T23:09:30.549Z] [hosting][upload]
[debug] [2018-11-17T23:09:30.692Z] [hosting][upload]
[debug] [2018-11-17T23:09:30.702Z] [hosting][upload]
[debug] [2018-11-17T23:09:30.712Z] [hosting][upload]
[debug] [2018-11-17T23:09:30.721Z] [hosting][upload]
[debug] [2018-11-17T23:09:30.729Z] [hosting][upload]
[debug] [2018-11-17T23:09:30.738Z] [hosting][upload]
[debug] [2018-11-17T23:09:30.746Z] [hosting][upload]
[debug] [2018-11-17T23:09:30.756Z] [hosting][upload]
[debug] [2018-11-17T23:09:30.865Z] [hosting][upload]
[debug] [2018-11-17T23:09:30.875Z] [hosting][upload]
[debug] [2018-11-17T23:09:30.909Z] [hosting][upload]
[debug] [2018-11-17T23:09:30.916Z] [hosting][upload]
[debug] [2018-11-17T23:09:31.349Z] [uploadQueue] Retrying task 037129e2550fa149335464d587873e9eb143b51107822df7838c91f5c57d6361
[debug] [2018-11-17T23:09:31.493Z] [uploadQueue] Retrying task f6412d38b1125b754827c1e13730fbaa9ac74920432f4c7596a64f77e5ffca62
[debug] [2018-11-17T23:09:31.503Z] [uploadQueue] Retrying task 0b5fe4ba0e30e6a440b248c676e93406299809d505e708a3e0e6e6721a59c0ff
[debug] [2018-11-17T23:09:31.513Z] [uploadQueue] Retrying task 7bfdc9b69acaa037a569558e8d8c9f715f7567184ecd751b0b875f21066e48c1
[debug] [2018-11-17T23:09:31.521Z] [uploadQueue] Retrying task 63ac63b167d2f96ad4c325ac73025d8253668e7d1a316f19cbbfcf9ec3f4e894
[debug] [2018-11-17T23:09:31.530Z] [uploadQueue] Retrying task 3188f586ab15efd7570612b995bb930ca8b3a8cc0a7b918af019bf01c29470f6
[debug] [2018-11-17T23:09:31.538Z] [uploadQueue] Retrying task 201df16f7206eac525ad2967b00eb61a86007800ffc292f5d4dc74e541c25522
[debug] [2018-11-17T23:09:31.546Z] [uploadQueue] Retrying task 7b366951d953f6884f838f3552d50c6814330b213443a6e80e6d8df67ff6868d
[debug] [2018-11-17T23:09:31.556Z] [uploadQueue] Retrying task 2bfedbf5bdd887479354251c12127dcc90ae5dcd7b606ff6569f3706d8dc2eec
[debug] [2018-11-17T23:09:31.566Z] [hosting][upload]
[debug] [2018-11-17T23:09:31.622Z] [hosting][upload]
[debug] [2018-11-17T23:09:31.626Z] [hosting][upload]
[debug] [2018-11-17T23:09:31.636Z] [hosting][upload]
[debug] [2018-11-17T23:09:31.658Z] [hosting][upload]
[debug] [2018-11-17T23:09:31.665Z] [uploadQueue] Retrying task 42b5d3dd447d2256556a2dab63d69a2e76d92fc23433862f298765f5d189f4c5
[debug] [2018-11-17T23:09:31.668Z] [hosting][upload]
[debug] [2018-11-17T23:09:31.676Z] [uploadQueue] Retrying task cf7b56c1782b36a832fd9a77ebd42b3c72e31b2213f0accb19214481e9035246
[debug] [2018-11-17T23:09:31.677Z] [hosting][upload]
[debug] [2018-11-17T23:09:31.683Z] [hosting][upload]
[debug] [2018-11-17T23:09:31.702Z] [hosting][upload]
[debug] [2018-11-17T23:09:31.711Z] [uploadQueue] Retrying task ff4c9d5522c5c01daf7d7b794bdfe0c669d835453a42cc3b61e6ef3f54a66d7f
[debug] [2018-11-17T23:09:31.717Z] [uploadQueue] Retrying task a65500d84c13204a0ede7825f5a19caddb4b89c81d65160d758f5ed44d979e32
[debug] [2018-11-17T23:09:31.731Z] [hosting][upload]
[debug] [2018-11-17T23:09:31.750Z] [hosting][upload]
[debug] [2018-11-17T23:09:31.757Z] [hosting][upload]
[debug] [2018-11-17T23:09:31.775Z] [hosting][upload]
[debug] [2018-11-17T23:09:31.784Z] [hosting][upload]
[debug] [2018-11-17T23:09:31.793Z] [hosting][upload]
[debug] [2018-11-17T23:09:31.856Z] [hosting][upload]
[debug] [2018-11-17T23:09:31.887Z] [hosting][upload]
[debug] [2018-11-17T23:09:32.367Z] [uploadQueue] Retrying task e4980fd028240900ff32012804af781639f35d4d696a0e55eb3462dd49df6d69
[debug] [2018-11-17T23:09:32.422Z] [uploadQueue] Retrying task e183baf5db741ba9f93335410b647f19d2e41c079a6c6220652f56caabc399dc
[debug] [2018-11-17T23:09:32.426Z] [uploadQueue] Retrying task 3ac5e0b2a2add9734b4243ffbe752ba99e2ac00235b7989b4e22b6694eefd0d1
[debug] [2018-11-17T23:09:32.437Z] [uploadQueue] Retrying task b2da45f8c894fae9841a0ee477ea38298c2b7e7268dd9d371cfad7059f7d8ffd
[debug] [2018-11-17T23:09:32.458Z] [uploadQueue] Retrying task 6f0d0469b467235d9ed07539c049fe6b387fe7d0da8f3dbf50365e0ea1d59ec5
[debug] [2018-11-17T23:09:32.469Z] [hosting][upload]
[debug] [2018-11-17T23:09:32.469Z] [uploadQueue] Retrying task a7356b95abdc38b4aff9cb6246b07333efd1c45920c4b9aee34a53877672418b
[debug] [2018-11-17T23:09:32.477Z] [uploadQueue] Retrying task 74df7dfc07305f2e48800a5d040166785ed034a94743f044e03678d770731fb4
[debug] [2018-11-17T23:09:32.484Z] [uploadQueue] Retrying task b903e5c091483c7181e96289795d397409fbb3f9b2b2b4fde3e6d388c96aef91
[debug] [2018-11-17T23:09:32.503Z] [uploadQueue] Retrying task cfcd6b383279753f06d14f9f53559501150bae506c6336c96a658ac2730df0ad
[debug] [2018-11-17T23:09:32.532Z] [uploadQueue] Retrying task 36aa84f3efb3e66f3d37306279ad88f1fa8c02915e27fabcc06d5350c67be843
[debug] [2018-11-17T23:09:32.551Z] [uploadQueue] Retrying task d35c9967122d47c3cde7974e41fae492da8d477edf7714fe75a5501626ebbfa2
[debug] [2018-11-17T23:09:32.559Z] [uploadQueue] Retrying task ca0f6e69f874a1d269d369044f4c64405439ff656c8239a9a4bcfb219dfe61c3
[debug] [2018-11-17T23:09:32.577Z] [uploadQueue] Retrying task bf44e140297f365e36a4033bdc152a423abc612bcdcbb9b05e2de9a2afff2f97
[debug] [2018-11-17T23:09:32.585Z] [uploadQueue] Retrying task f840787fdc4987014a83fd75b3bb1a6ca2d37ea8afa509cc58a83fd8fca4d69f
[debug] [2018-11-17T23:09:32.594Z] [uploadQueue] Retrying task 081d9c82cb91c2782793dad2d9339abb35fc596a42c1ca3b1999bf133ed64236
[debug] [2018-11-17T23:09:32.658Z] [uploadQueue] Retrying task 6e79475cb227b5388c36a0c181449d339e44ae5786eb3b2352bad87a68e41d41
[debug] [2018-11-17T23:09:32.689Z] [uploadQueue] Retrying task bf508b9323a3bcdacaa8a3a92ca9e090e7a64cec52b7dc1ff228d8fac73fd84f
[debug] [2018-11-17T23:09:32.869Z] [uploadQueue] Retrying task 483b10c977a294374e8995941b881b4fd01532594d4464d1459467969f6f5a36
[debug] [2018-11-17T23:09:32.928Z] [hosting][upload]
[debug] [2018-11-17T23:09:33.195Z] [hosting][upload]
[debug] [2018-11-17T23:09:33.728Z] [uploadQueue] Retrying task 7326b0713a3b6e6e846f6571dd2110ffeb149c299323f93e0174800d6b1279cf
[debug] [2018-11-17T23:09:33.916Z] [hosting][upload]
[debug] [2018-11-17T23:09:33.986Z] [hosting][upload]
[debug] [2018-11-17T23:09:33.999Z] [hosting][upload]
[debug] [2018-11-17T23:09:34.039Z] [hosting][upload]
[debug] [2018-11-17T23:09:34.047Z] [hosting][upload]
[debug] [2018-11-17T23:09:34.054Z] [hosting][upload]
[debug] [2018-11-17T23:09:34.114Z] [hosting][upload]
[debug] [2018-11-17T23:09:34.122Z] [hosting][upload]
[debug] [2018-11-17T23:09:34.145Z] [hosting][upload]
[debug] [2018-11-17T23:09:34.201Z] [hosting][upload]
[debug] [2018-11-17T23:09:34.332Z] [hosting][upload]
[debug] [2018-11-17T23:09:34.387Z] [uploadQueue] Retrying task f99d49ad88a7119204afd3f63ec9b81b7a91b958219381bd26e135b3c7069bc0
[debug] [2018-11-17T23:09:34.681Z] [hosting][upload]
[debug] [2018-11-17T23:09:34.717Z] [uploadQueue] Retrying task 1478a3f1e49ca5f3c03e37b53931416cbf62065b49a50dd03eeeb7dce3bb2142
[debug] [2018-11-17T23:09:34.800Z] [uploadQueue] Retrying task 1489cd0590d55c5c3b1e8bd2656cdf9989f8545efab32cd9205bfad63b9abed0
[debug] [2018-11-17T23:09:34.839Z] [uploadQueue] Retrying task 8d4cc00923aa7b1a6f32fced96f0fb7517b094e10704dee6b6e0c7db87c8b444
[debug] [2018-11-17T23:09:34.849Z] [uploadQueue] Retrying task 4021085031126243fb3d0832f3ee0e284138a7e1bb38be838cc66cdcc13e0391
[debug] [2018-11-17T23:09:34.856Z] [uploadQueue] Retrying task 46501a9a8092f56bee0132adfd2b536114de6ac4958001d35507ff033b56f292
[debug] [2018-11-17T23:09:34.915Z] [uploadQueue] Retrying task 1c299bbaf6cd9bfebe0e911abf12b7783ae0c5a0debc71404454b29d84e8679e
[debug] [2018-11-17T23:09:34.922Z] [uploadQueue] Retrying task fd8547fcc21f21f336d776411f47aa6856a1bc0ced729c10195d3c0e15aba250
[debug] [2018-11-17T23:09:34.945Z] [uploadQueue] Retrying task aeacd9e60e55b5572dc10a61660e45e4c1faa228802e5ede23541b5f89b4a781
[debug] [2018-11-17T23:09:35.001Z] [uploadQueue] Retrying task c7d9815696c794bdf3adae496240063460f0af32613bbcadae1adb352e8d07a2
[debug] [2018-11-17T23:09:35.132Z] [uploadQueue] Retrying task 3c3eddd6ae3c80f6810fb03ed15ad049edc5aa180af136b468f12158b82e08fc
[debug] [2018-11-17T23:09:35.153Z] [hosting][upload]
[debug] [2018-11-17T23:09:35.405Z] [hosting][upload]
[debug] [2018-11-17T23:09:35.481Z] [uploadQueue] Retrying task 053b3419f60a0813dfad61299aa1c8f6f123ed2562355f9fd985c12881b22e68
[debug] [2018-11-17T23:09:35.504Z] [hosting][upload]
[debug] [2018-11-17T23:09:35.521Z] [hosting][upload]
[debug] [2018-11-17T23:09:35.922Z] [uploadQueue] Retrying task 2eae6d7f155fd13136817ee2c417bbc6156353eeffbaed03ba995f17d1f17cc4
[debug] [2018-11-17T23:09:35.955Z] [uploadQueue] Retrying task c698ee3ac9514a22466a239cc6571be90b210f87ae3a3d715dfb067683b22ee5
[debug] [2018-11-17T23:09:36.205Z] [uploadQueue] Retrying task 89fbe9294738d4129eca1b46e866d3123507e6af04df421cf9075ea81376fe7e
[debug] [2018-11-17T23:09:36.305Z] [uploadQueue] Retrying task e5a6f20bf0df1c6c4ee0d28ef5791d3f78ef353f60ad06f1905d899f418f67e6
[debug] [2018-11-17T23:09:36.397Z] [uploadQueue] Retrying task 992008680cfa7aa86976b816e000419d5b93e1abace60dad359e998437f12f7c
[debug] [2018-11-17T23:09:36.761Z] [hosting][upload]
[debug] [2018-11-17T23:09:36.796Z] [uploadQueue] Retrying task f19fa841a0d090bc9792a44c2cc066f2cf3818851962aa499227f4acb05c7e93
[debug] [2018-11-17T23:09:37.010Z] [hosting][upload]
[debug] [2018-11-17T23:09:37.192Z] [hosting][upload]
[debug] [2018-11-17T23:09:37.555Z] [hosting][upload]
[debug] [2018-11-17T23:09:37.561Z] [uploadQueue] Retrying task 7538fcbc35014af045854f8840c8a463a2e79baad735d01d08389e931303eb37
[debug] [2018-11-17T23:09:37.810Z] [uploadQueue] Retrying task 499a74aa137c689af018c5589023008be0db5cbe945123e9bdb4cb57bf29c824
[debug] [2018-11-17T23:09:37.991Z] [hosting][upload]
[debug] [2018-11-17T23:09:37.993Z] [uploadQueue] Retrying task 1847e44602ba2bb5d926acffd8d9de9cf18b2602e2091aa95725a2c74da7fe45
[debug] [2018-11-17T23:09:38.024Z] [hosting][upload]
[debug] [2018-11-17T23:09:38.054Z] [hosting][upload]
[debug] [2018-11-17T23:09:38.230Z] [hosting][upload]
[debug] [2018-11-17T23:09:38.357Z] [uploadQueue] Retrying task 47059bb6be214cf000ff6e777083bf7120ecb9c9d83e378434a663e13cd53509
[debug] [2018-11-17T23:09:38.392Z] [uploadQueue] Retrying task 904f568435aed1161f3ac7a0426f077c050a610ee70c73e1c57c3e9b8770bef4
[debug] [2018-11-17T23:09:38.578Z] [hosting][upload]
[debug] [2018-11-17T23:09:38.825Z] [uploadQueue] Retrying task e85171705e11e577baf6556794a6ddc08740e9cddd61419be0b9dabc237d04de
[debug] [2018-11-17T23:09:38.855Z] [uploadQueue] Retrying task 436277eff424ed99f368f15917bfca66bbcd6f2cd4aad3389d85e9987eedac2b
[debug] [2018-11-17T23:09:39.031Z] [uploadQueue] Retrying task 75dd6d53e627e80034595793e37653c268e972c10ad29e9668c959932206ee68
[debug] [2018-11-17T23:09:39.351Z] [hosting][upload]
[debug] [2018-11-17T23:09:39.378Z] [uploadQueue] Retrying task 8ed9eb3510738332274babe49dc2976e4ed10df3d6eddb81ac3b5ff5ffb19311
[debug] [2018-11-17T23:09:39.402Z] [hosting][upload]
[debug] [2018-11-17T23:09:40.020Z] [hosting][upload]
[debug] [2018-11-17T23:09:40.115Z] [hosting][upload]
[debug] [2018-11-17T23:09:40.152Z] [uploadQueue] Retrying task 31952d4e08788a97b22489be98c6bc4b7888e0d0407cc1109ec5409a9af1184e
[debug] [2018-11-17T23:09:40.203Z] [uploadQueue] Retrying task 6a653397c25c8c21a29f310a503e052f3a3e607f11d5d11d47b78fce9503a5e8
[debug] [2018-11-17T23:09:40.204Z] [hosting][upload]
[debug] [2018-11-17T23:09:40.423Z] [uploadQueue] Retrying task 0d419ad6d39bc13c3fb48284a4748d796677fbeb320cbbe9ed47ed422d93f22d
[debug] [2018-11-17T23:09:40.601Z] [hosting][upload]
[debug] [2018-11-17T23:09:40.604Z] [uploadQueue] Retrying task e6342c819cb3ff2277e0f5fb84d7d3f47707d29f0d6d3b0c235f3aa67945d905
[debug] [2018-11-17T23:09:40.751Z] [hosting][upload]
[debug] [2018-11-17T23:09:40.915Z] [uploadQueue] Retrying task 1d11a7e8806001165e7cee69283810d5723950f698aaa49b7699f256d5f34ddc
[debug] [2018-11-17T23:09:40.991Z] [hosting][upload]
[debug] [2018-11-17T23:09:41.002Z] [uploadQueue] Retrying task 26b188254cdb7367ebd877a89e274771b84670c27c1928bd064738b021c2a39b
[debug] [2018-11-17T23:09:41.140Z] [hosting][upload]
[debug] [2018-11-17T23:09:41.551Z] [uploadQueue] Retrying task 852aee702489725b92dadca17072dcba574bdf7c07ce66986145746d6dc033a0
[debug] [2018-11-17T23:09:41.792Z] [uploadQueue] Retrying task 9a4c529f9f49b011e6cca0c08c9df53a532230b8bd2223776d49aa5e4011782e
[debug] [2018-11-17T23:09:41.940Z] [uploadQueue] Retrying task 13372c15d47da8c11227dde9ce6ec55d24d827992b366f7935f483159ae4a4f0
[debug] [2018-11-17T23:09:42.902Z] [hosting][upload]
[debug] [2018-11-17T23:09:42.990Z] [hosting][upload]
[debug] [2018-11-17T23:09:43.050Z] [hosting][upload]
[debug] [2018-11-17T23:09:43.062Z] [hosting][upload]
[debug] [2018-11-17T23:09:43.105Z] [hosting][upload]
[debug] [2018-11-17T23:09:43.109Z] [hosting][upload]
[debug] [2018-11-17T23:09:43.177Z] [hosting][upload]
[debug] [2018-11-17T23:09:43.293Z] [hosting][upload]
[debug] [2018-11-17T23:09:43.450Z] [uploadQueue] Retrying task 7e346c78f54123926a495c4755b232540111888eba39c248e609e7f57c13e6d9
[debug] [2018-11-17T23:09:43.473Z] [hosting][upload]
[debug] [2018-11-17T23:09:43.482Z] [hosting][upload]
[debug] [2018-11-17T23:09:43.841Z] [hosting][upload]
[debug] [2018-11-17T23:09:43.977Z] [uploadQueue] Retrying task 836a08ccb342bcb5d8a4d91b94b3e71e8340b91d8cc71976e4199b4f6d4d70dc
[debug] [2018-11-17T23:09:44.095Z] [uploadQueue] Retrying task a9e654cb7785ba2fca1d346affc1b1def6ef8a0829cbd3cb8097ad2d90087e7f
[debug] [2018-11-17T23:09:44.108Z] [hosting][upload]
[debug] [2018-11-17T23:09:44.223Z] [hosting][upload]
[debug] [2018-11-17T23:09:44.231Z] [hosting][upload]
[debug] [2018-11-17T23:09:44.274Z] [uploadQueue] Retrying task 64e8d2ebc3cff8374c91740701db775e3df92096a596fc5568fd88cf9e141cce
[debug] [2018-11-17T23:09:44.282Z] [uploadQueue] Retrying task 7a308ec69cefa2844efc869d159642228680158243c9db8ea3de9d50daefe15d
[debug] [2018-11-17T23:09:44.293Z] [hosting][upload]
[debug] [2018-11-17T23:09:44.503Z] [uploadQueue] Retrying task 3188f586ab15efd7570612b995bb930ca8b3a8cc0a7b918af019bf01c29470f6
[debug] [2018-11-17T23:09:44.591Z] [uploadQueue] Retrying task 7b366951d953f6884f838f3552d50c6814330b213443a6e80e6d8df67ff6868d
[debug] [2018-11-17T23:09:44.664Z] [uploadQueue] Retrying task cf7b56c1782b36a832fd9a77ebd42b3c72e31b2213f0accb19214481e9035246
[debug] [2018-11-17T23:09:44.706Z] [uploadQueue] Retrying task bb74f878eebaf51a85cd160f722e7e68acd7043b23aa5d4ce4dd2bb9c4fdaa7d
[debug] [2018-11-17T23:09:44.709Z] [uploadQueue] Retrying task ff4c9d5522c5c01daf7d7b794bdfe0c669d835453a42cc3b61e6ef3f54a66d7f
[debug] [2018-11-17T23:09:44.864Z] [hosting][upload]
[debug] [2018-11-17T23:09:44.908Z] [uploadQueue] Retrying task 5983601a6f8f08f56c50cf5ea41c39fa65edf7f012746587f846809f809c6ce8
[debug] [2018-11-17T23:09:44.992Z] [hosting][upload]
[debug] [2018-11-17T23:09:45.024Z] [uploadQueue] Retrying task 268898235ca61a8e882bd295ffb6dab76cfd7958f33650c1408575ab8637405b
[debug] [2018-11-17T23:09:45.253Z] [hosting][upload]
[debug] [2018-11-17T23:09:45.393Z] [uploadQueue] Retrying task e8dbb4722b9b0e52ecc84d0eaab804aca1b559fe9e90b96253c51cf0878917e1
[debug] [2018-11-17T23:09:45.441Z] [uploadQueue] Retrying task b903e5c091483c7181e96289795d397409fbb3f9b2b2b4fde3e6d388c96aef91
[debug] [2018-11-17T23:09:45.471Z] [hosting][upload]
[debug] [2018-11-17T23:09:45.481Z] [hosting][upload]
[debug] [2018-11-17T23:09:45.728Z] [hosting][upload]
[debug] [2018-11-17T23:09:45.732Z] [hosting][upload]
[debug] [2018-11-17T23:09:45.831Z] [uploadQueue] Retrying task 257ec9e08f127645732cbbafe12e60d0aee3ca0cbc9d9a2b588570e04eef8c64
[debug] [2018-11-17T23:09:45.893Z] [uploadQueue] Retrying task 6e84ba70a8fd7b709ea72587700e8fe80bf6f9b2fcfe61b77a008983fac67d90
[debug] [2018-11-17T23:09:45.973Z] [hosting][upload]
[debug] [2018-11-17T23:09:46.053Z] [uploadQueue] Retrying task c0f4bdd04414d19cd018d5628fde39ee1a8b1bd84536c17a31b52c8e9fd61fea
[debug] [2018-11-17T23:09:46.176Z] [hosting][upload]
[debug] [2018-11-17T23:09:46.180Z] [hosting][upload]
[debug] [2018-11-17T23:09:46.464Z] [uploadQueue] Retrying task edce7fd3ec250b5b4cce76caf09e1329ec39642773d5239c7dcf9d1785eda2b5
[debug] [2018-11-17T23:09:46.529Z] [uploadQueue] Retrying task 82cea87801ec5ae58f44412870126cf3b05c78e78122369d8b1192e34f073517
[debug] [2018-11-17T23:09:46.775Z] [uploadQueue] Retrying task 888f0d3747c2c2d1a78bf5b92c8df845afdc49da3fb9956b3c49aa5ab132116e
[debug] [2018-11-17T23:09:46.784Z] [hosting][upload]
[debug] [2018-11-17T23:09:46.981Z] [uploadQueue] Retrying task ab0866e1932752b1ec43c5cd6b181c0a58b3930d7ab8695da65f5154bc51f4d1
[debug] [2018-11-17T23:09:46.990Z] [hosting][upload]
[debug] [2018-11-17T23:09:47.071Z] [uploadQueue] Retrying task 1eb8ff7d7fb7941877303168200db108ff0208779022b804032ac3d938cdec1b
[debug] [2018-11-17T23:09:47.081Z] [uploadQueue] Retrying task 674cbb9270c34cc3fbe81f84b56f199020ce758f2b0db3798ff663a5db9a3855
[debug] [2018-11-17T23:09:47.194Z] [hosting][upload]
[debug] [2018-11-17T23:09:47.332Z] [uploadQueue] Retrying task 21b655978936702da76f69520531eaaccfdf9afa135c08a3df6f55cbeb0dfa88
[debug] [2018-11-17T23:09:47.585Z] [uploadQueue] Retrying task 2569f1bf800447477e86c39b329379ab961ddcde239d9a85ca33b8e23a68e3e4
[debug] [2018-11-17T23:09:47.594Z] [uploadQueue] Retrying task 909daf89fce2b33dbc108006a28dd4420acf263d6d465e7b46a3a7f7651db855
[debug] [2018-11-17T23:09:47.776Z] [uploadQueue] Retrying task 8d4cc00923aa7b1a6f32fced96f0fb7517b094e10704dee6b6e0c7db87c8b444
[debug] [2018-11-17T23:09:47.786Z] [hosting][upload]
[debug] [2018-11-17T23:09:47.872Z] [hosting][upload]
[debug] [2018-11-17T23:09:48.510Z] [hosting][upload]
[debug] [2018-11-17T23:09:48.591Z] [uploadQueue] Retrying task ca0f6e69f874a1d269d369044f4c64405439ff656c8239a9a4bcfb219dfe61c3
[debug] [2018-11-17T23:09:49.130Z] [hosting][upload]
[debug] [2018-11-17T23:09:49.311Z] [uploadQueue] Retrying task 9c06c4b421b872c5b6b2e18a68793235fda37632d24e3c126673b0f2199b694f
[debug] [2018-11-17T23:09:49.386Z] [uploadQueue] Retrying task e5a6f20bf0df1c6c4ee0d28ef5791d3f78ef353f60ad06f1905d899f418f67e6
[debug] [2018-11-17T23:09:49.887Z] [hosting][upload]
[debug] [2018-11-17T23:09:50.189Z] [hosting][upload]
[debug] [2018-11-17T23:09:50.251Z] [hosting][upload]
[debug] [2018-11-17T23:09:50.280Z] [hosting][upload]
[debug] [2018-11-17T23:09:50.688Z] [uploadQueue] Retrying task 904f568435aed1161f3ac7a0426f077c050a610ee70c73e1c57c3e9b8770bef4
[debug] [2018-11-17T23:09:50.730Z] [uploadQueue] Retrying task e7aec1585d777d3ae3d61512e9e6dee052965a351f4147274024a2ea06d9a814
[debug] [2018-11-17T23:09:50.800Z] [hosting][upload]
[debug] [2018-11-17T23:09:51.017Z] [hosting][upload]
[debug] [2018-11-17T23:09:51.473Z] [hosting][upload]
[debug] [2018-11-17T23:09:51.547Z] [hosting][upload]
[debug] [2018-11-17T23:09:51.600Z] [uploadQueue] Retrying task 1f16467c15e79fead0b048429554a31e765454deaa15deb3dd5e047710715ffb
[debug] [2018-11-17T23:09:51.666Z] [hosting][upload]
[debug] [2018-11-17T23:09:51.789Z] [uploadQueue] Retrying task fe24d719bc15bc2fef0819d99a4bd491d78302191c6940fe5feeac1345e14837
[debug] [2018-11-17T23:09:51.852Z] [uploadQueue] Retrying task 23834726869158c4bfb1dae358c03c1b3d1edf39a18b53d81024478cdaff09fd
[debug] [2018-11-17T23:09:51.880Z] [uploadQueue] Retrying task 436277eff424ed99f368f15917bfca66bbcd6f2cd4aad3389d85e9987eedac2b
[debug] [2018-11-17T23:09:52.066Z] [uploadQueue] Retrying task 5f7be7f0c7457e85bed78d1b772a90a1c4999bc8618d8dcef545382f3a97bd43
[debug] [2018-11-17T23:09:52.618Z] [uploadQueue] Retrying task 6a495193da575c37f9c456ef8a8b95a7951ebd6b47fc1ddd1d14f1451be72960
[debug] [2018-11-17T23:09:52.873Z] [hosting][upload]
[debug] [2018-11-17T23:09:53.144Z] [hosting][upload]
[debug] [2018-11-17T23:09:53.147Z] [uploadQueue] Retrying task 4fc548e1846029a97e5a885cf4dfba0788742490a352cf68b08efeac6d201e8a
[debug] [2018-11-17T23:09:53.598Z] [hosting][upload]
[debug] [2018-11-17T23:09:54.272Z] [uploadQueue] Retrying task 992008680cfa7aa86976b816e000419d5b93e1abace60dad359e998437f12f7c
[debug] [2018-11-17T23:09:54.475Z] [uploadQueue] Retrying task e4980fd028240900ff32012804af781639f35d4d696a0e55eb3462dd49df6d69
[debug] [2018-11-17T23:09:54.702Z] [hosting][upload]
[debug] [2018-11-17T23:09:54.745Z] [uploadQueue] Retrying task ab4ff117682d7d1f204beb38b48a4e58ce0a6ce3ac5ade92c643a163275ffa1a
[debug] [2018-11-17T23:09:54.871Z] [hosting][upload]
[debug] [2018-11-17T23:09:55.188Z] [hosting][upload]
[debug] [2018-11-17T23:09:55.198Z] [uploadQueue] Retrying task 081d9c82cb91c2782793dad2d9339abb35fc596a42c1ca3b1999bf133ed64236
[debug] [2018-11-17T23:09:55.503Z] [uploadQueue] Retrying task 233225f917808bda5cb5908e6a645fe3a4fcb56faccd3f7b9ea4b65df833938e
[debug] [2018-11-17T23:09:55.775Z] [hosting][upload]
[debug] [2018-11-17T23:09:56.155Z] [hosting][upload]
[debug] [2018-11-17T23:09:56.176Z] [uploadQueue] Retrying task ff8a14bdc5140a051c313eb2bf3d83f6a0c1b8946f9379b72e5886e9243d5022
[debug] [2018-11-17T23:09:56.189Z] [hosting][upload]
[debug] [2018-11-17T23:09:56.471Z] [uploadQueue] Retrying task fb150b4014a1678efd710ef384025bbcb89dc58460218f927f9766eb74017cbc
[debug] [2018-11-17T23:09:56.535Z] [hosting][upload]
[debug] [2018-11-17T23:09:56.636Z] [hosting][upload]
[debug] [2018-11-17T23:09:56.788Z] [uploadQueue] Retrying task 1489cd0590d55c5c3b1e8bd2656cdf9989f8545efab32cd9205bfad63b9abed0
[debug] [2018-11-17T23:09:57.147Z] [hosting][upload]
[debug] [2018-11-17T23:09:57.285Z] [hosting][upload]
[debug] [2018-11-17T23:09:57.461Z] [hosting][upload]
[debug] [2018-11-17T23:09:57.528Z] [hosting][upload]
[debug] [2018-11-17T23:09:57.689Z] [hosting][upload]
[debug] [2018-11-17T23:09:57.801Z] [hosting][upload]
[debug] [2018-11-17T23:09:57.801Z] [uploadQueue] Retries exhausted for task f19fa841a0d090bc9792a44c2cc066f2cf3818851962aa499227f4acb05c7e93:
[debug] [2018-11-17T23:09:57.801Z] [hosting][upload queue][FINAL]
[debug] [2018-11-17T23:09:57.873Z] [uploadQueue] Retrying task 10ec231ea793cb77b3dc5bd5c2ce6d67929660277adb2772d1f147b35f9cbefb
[debug] [2018-11-17T23:09:57.878Z] [hosting][upload]
[debug] [2018-11-17T23:09:57.922Z] [hosting][upload]
[debug] [2018-11-17T23:09:58.136Z] [uploadQueue] Retrying task 0807ba9b0c9f74edc5f27bfb336a80f5e358afe7f8b49ab56c396311b3cf3a79
[debug] [2018-11-17T23:09:58.236Z] [uploadQueue] Retrying task 89fbe9294738d4129eca1b46e866d3123507e6af04df421cf9075ea81376fe7e
[debug] [2018-11-17T23:09:58.278Z] [uploadQueue] Retrying task 84a0cd15a3e016645b9c9e522dc9045ca38eda86a92d45fd910ce79dc57a429c
[debug] [2018-11-17T23:09:58.318Z] [hosting][upload]
[debug] [2018-11-17T23:09:58.885Z] [uploadQueue] Retrying task 4753e1a5272d2cb53aefcff02762d9508bd5c6e154bbf2c2192de2877632e8c6
[debug] [2018-11-17T23:09:59.061Z] [uploadQueue] Retrying task 6490e0a02dbf339334bcc86ae0f835f89d85aa744aa586bc06eb3663f0be35de
[debug] [2018-11-17T23:09:59.128Z] [uploadQueue] Retrying task 68528141273a677485224c76e2a61192edf2e40290cdd24bb30c0a4c78ffae1e
[debug] [2018-11-17T23:09:59.256Z] [hosting][upload]
[debug] [2018-11-17T23:09:59.355Z] [uploadQueue] Retrying task bb74f878eebaf51a85cd160f722e7e68acd7043b23aa5d4ce4dd2bb9c4fdaa7d
[debug] [2018-11-17T23:09:59.390Z] [uploadQueue] Retrying task ff4c9d5522c5c01daf7d7b794bdfe0c669d835453a42cc3b61e6ef3f54a66d7f
[debug] [2018-11-17T23:09:59.522Z] [uploadQueue] Retrying task 7538fcbc35014af045854f8840c8a463a2e79baad735d01d08389e931303eb37
[debug] [2018-11-17T23:09:59.829Z] [hosting][upload]
[debug] [2018-11-17T23:09:59.918Z] [uploadQueue] Retrying task 957f03a1e94d383bf92ed3cb22417832d62ff6437248ec0afec79d193a4dcb3d
[debug] [2018-11-17T23:10:00.347Z] [uploadQueue] Retrying task 257ec9e08f127645732cbbafe12e60d0aee3ca0cbc9d9a2b588570e04eef8c64
[debug] [2018-11-17T23:10:00.525Z] [hosting][upload]
[debug] [2018-11-17T23:10:00.857Z] [uploadQueue] Retrying task 5983601a6f8f08f56c50cf5ea41c39fa65edf7f012746587f846809f809c6ce8
[debug] [2018-11-17T23:10:00.889Z] [uploadQueue] Retrying task 7ad2d821720ad78f1481396747b1892403f5c17c96e3ad6c11ac9723ed23657d
[debug] [2018-11-17T23:10:00.965Z] [hosting][upload]
[debug] [2018-11-17T23:10:01.430Z] [uploadQueue] Retrying task e85171705e11e577baf6556794a6ddc08740e9cddd61419be0b9dabc237d04de
[debug] [2018-11-17T23:10:01.946Z] [hosting][upload]
[debug] [2018-11-17T23:10:02.126Z] [uploadQueue] Retrying task 7a7a636e032d9708063eacd0a4a7ff47d1d928243122768ffeadd50222983643
[debug] [2018-11-17T23:10:02.268Z] [hosting][upload]
[debug] [2018-11-17T23:10:02.556Z] [hosting][upload]
[debug] [2018-11-17T23:10:02.668Z] [uploadQueue] Retrying task cf8541eee6ec908bcafea9aa8c193538a22a9608399438c92432098c8dc5f7c0
[debug] [2018-11-17T23:10:02.797Z] [hosting][upload]
[debug] [2018-11-17T23:10:02.798Z] [hosting][upload]
[debug] [2018-11-17T23:10:03.102Z] [hosting][upload]
[debug] [2018-11-17T23:10:03.546Z] [uploadQueue] Retrying task d1808d7a7ce7603652d3fa0a114473c2e3483db09a425316fad0351eea74fec6
[debug] [2018-11-17T23:10:03.553Z] [hosting][upload]
[debug] [2018-11-17T23:10:04.048Z] [hosting][upload]
[debug] [2018-11-17T23:10:04.105Z] [hosting][upload]
[debug] [2018-11-17T23:10:04.156Z] [uploadQueue] Retrying task 852aee702489725b92dadca17072dcba574bdf7c07ce66986145746d6dc033a0
[debug] [2018-11-17T23:10:04.165Z] [uploadQueue] Retrying task edce7fd3ec250b5b4cce76caf09e1329ec39642773d5239c7dcf9d1785eda2b5
[debug] [2018-11-17T23:10:04.398Z] [uploadQueue] Retrying task 9a4c529f9f49b011e6cca0c08c9df53a532230b8bd2223776d49aa5e4011782e
[debug] [2018-11-17T23:10:04.398Z] [uploadQueue] Retrying task 56af2c0d5438dc2f5cd2bb5793d1d9cfdb0242b8564153407dd8416d7c2b663d
[debug] [2018-11-17T23:10:04.449Z] [uploadQueue] Retrying task ba23d3b9aa1ea035bf703b3c9b1395577dc2e69a06ecd19f03b175dc917e2364
[debug] [2018-11-17T23:10:04.659Z] [hosting][upload]
[debug] [2018-11-17T23:10:04.703Z] [uploadQueue] Retrying task 27f26c0f62b9a7a4c82c860885e5bb6356466e16fec9e78814aafab8bdf4de8a
[debug] [2018-11-17T23:10:04.844Z] [hosting][upload]
[debug] [2018-11-17T23:10:05.179Z] [hosting][upload]
[debug] [2018-11-17T23:10:05.454Z] [hosting][upload]
[debug] [2018-11-17T23:10:05.707Z] [uploadQueue] Retrying task ed527b60e4c3c1ccd423b2a5328b72e98f653bdf7a2705701d4a0236a5f97b66
[debug] [2018-11-17T23:10:05.903Z] [hosting][upload]
[debug] [2018-11-17T23:10:06.260Z] [uploadQueue] Retrying task 0723965c57416a794f6bca10585c4027215d94449e9a70d649c06b1602bf0c69
[debug] [2018-11-17T23:10:06.303Z] [uploadQueue] Retrying task 48c73a2910bcf751f5a3dc3105ebce79dcf7a7222c16f108110724b2c659ff8f
[debug] [2018-11-17T23:10:06.363Z] [hosting][upload]
[debug] [2018-11-17T23:10:06.391Z] [hosting][upload]
[debug] [2018-11-17T23:10:06.446Z] [uploadQueue] Retrying task 5f8a7f9f8862765a216b57174a3cdbd92f82ee3d938f7e68e0621f7035d76362
[debug] [2018-11-17T23:10:06.567Z] [hosting][upload]
[debug] [2018-11-17T23:10:06.707Z] [hosting][upload]
[debug] [2018-11-17T23:10:06.754Z] [uploadQueue] Retrying task 436277eff424ed99f368f15917bfca66bbcd6f2cd4aad3389d85e9987eedac2b
[debug] [2018-11-17T23:10:06.995Z] [hosting][upload]
[debug] [2018-11-17T23:10:07.008Z] [hosting][upload]
[debug] [2018-11-17T23:10:07.054Z] [uploadQueue] Retrying task 268898235ca61a8e882bd295ffb6dab76cfd7958f33650c1408575ab8637405b
[debug] [2018-11-17T23:10:07.143Z] [hosting][upload]
[debug] [2018-11-17T23:10:07.163Z] [uploadQueue] Retrying task c8b39abd778414107bd73dbf952a1ab49f6b92ac3a1500e7cb5c61487b522467
[debug] [2018-11-17T23:10:07.168Z] [hosting][upload]
[debug] [2018-11-17T23:10:07.192Z] [uploadQueue] Retrying task 32f3734d2f9909c106d405d91a43a9b1c3b483a9700b1b8d9f471c774e387546
[debug] [2018-11-17T23:10:07.415Z] [hosting][upload]
[debug] [2018-11-17T23:10:07.424Z] [hosting][upload]
[debug] [2018-11-17T23:10:07.948Z] [hosting][upload]
[debug] [2018-11-17T23:10:08.227Z] [hosting][upload]
[debug] [2018-11-17T23:10:08.307Z] [uploadQueue] Retrying task ba744b536d13a838ab93e14a7736d97d9e9497c231d1dd550e8764e8cdb7fa34
[debug] [2018-11-17T23:10:08.379Z] [uploadQueue] Retrying task e7aec1585d777d3ae3d61512e9e6dee052965a351f4147274024a2ea06d9a814
[debug] [2018-11-17T23:10:08.610Z] [uploadQueue] Retrying task 233225f917808bda5cb5908e6a645fe3a4fcb56faccd3f7b9ea4b65df833938e
[debug] [2018-11-17T23:10:08.627Z] [uploadQueue] Retrying task 4659a27a9fc86effea17ad73de5e3bbdc9a92cf1a1bc088cd56fbd0e6ea1736f
[debug] [2018-11-17T23:10:08.743Z] [uploadQueue] Retrying task d0bd45388011bdada60ff168106a95b27cc87800eeef73a2bed4ef2935bbb2b3
[debug] [2018-11-17T23:10:09.005Z] [hosting][upload]
[debug] [2018-11-17T23:10:09.128Z] [hosting][upload]
[debug] [2018-11-17T23:10:09.139Z] [hosting][upload]
[debug] [2018-11-17T23:10:09.225Z] Error: connect ETIMEDOUT 172.217.15.10:443
    at TCPConnectWrap.afterConnect [as oncomplete] (net.js:1113:14)
[error] 
[error] Error: An unexpected error has occurred.
[debug] [2018-11-17T23:10:09.406Z] [uploadQueue] Retrying task 36b352cf8b66b6e970255e2e4349072fb7e1ba757dc15b6632179f0be3e2ae2c
